2022-05-12 18:15:51.995075 +0000 > starting log
2022-05-12 18:15:51.995478 +0000 build-fedora1: > starting build with log
2022-05-12 18:15:51.995488 +0000 build-fedora1: >> make args: update-repo-current
2022-05-12 18:15:51.995494 +0000 build-fedora1: >> MAKEFLAGS=
2022-05-12 18:15:51.995500 +0000 build-fedora1: >> COMPONENTS=rofi
2022-05-12 18:15:51.995506 +0000 build-fedora1: >> DISTS_VM=
2022-05-12 18:15:51.995511 +0000 build-fedora1: >> DIST_DOM0=
2022-05-12 18:15:52.381053 +0000 build-fedora1: >> qubes-builder 1fb9d931e2644a4e8819f486db9c08140bd8e1c7
2022-05-12 18:15:52.833154 +0000 build-fedora1: >> qubes-builder/qubes-src/rofi 723b8c72659ba664cace034aee6161d51722b7f0
2022-05-12 18:15:52.889683 +0000 build-fedora1: !! pkgs/dom0-fc32/rofi-1.7.3-1.fc32.src.rpm
2022-05-12 18:15:52.889747 +0000 build-fedora1: !! pkgs/dom0-fc32/rofi-1.7.3-1.fc32.x86_64.buildinfo
2022-05-12 18:15:52.889755 +0000 build-fedora1: !! pkgs/dom0-fc32/rofi-1.7.3-1.fc32.x86_64.rpm
2022-05-12 18:15:52.889762 +0000 build-fedora1: !! pkgs/dom0-fc32/rofi-debuginfo-1.7.3-1.fc32.x86_64.rpm
2022-05-12 18:15:52.889769 +0000 build-fedora1: !! pkgs/dom0-fc32/rofi-debugsource-1.7.3-1.fc32.x86_64.rpm
2022-05-12 18:15:52.889776 +0000 build-fedora1: !! pkgs/dom0-fc32/rofi-devel-1.7.3-1.fc32.x86_64.rpm
2022-05-12 18:15:52.889783 +0000 build-fedora1: !! pkgs/dom0-fc32/rofi-devel-doc-1.7.3-1.fc32.noarch.rpm
2022-05-12 18:15:52.889789 +0000 build-fedora1: !! pkgs/dom0-fc32/rofi-themes-1.7.3-1.fc32.noarch.rpm
2022-05-12 18:15:52.889795 +0000 build-fedora1: !! pkgs/dom0-fc32/rofi.spec.list
2022-05-12 18:15:52.889801 +0000 build-fedora1: !! rofi-1.7.3.tar.gz
2022-05-12 18:15:53.049636 +0000 build-fedora1: 3500607a89ab30683e0a46b2ea562449dddd80f3b24d81e23fd8c94e83f756d760c14de53728de64708b88f6915f69e0cb5cbbcea109fde7626954541b40ddce  pkgs/dom0-fc32/rofi-1.7.3-1.fc32.src.rpm
2022-05-12 18:15:53.128343 +0000 build-fedora1: 68a459fdf24f9e5e036a22bf213a12c452d53c6cefa0c9cce42c7632d4a108ad29e3302eaf8d91fab010fb3d570e3c9b2f580ee2be8428cf27e883e55bb9126a  pkgs/dom0-fc32/rofi-1.7.3-1.fc32.x86_64.buildinfo
2022-05-12 18:15:53.298820 +0000 build-fedora1: bdf20af74449e2ee2a56ba3b8dcf34a2de364c0c748e8dab08038667c25222f63f1ab2bff456e2a8cbcc6700e1fd1cb9b51c7515ad63b8e668c66127fe006e6f  pkgs/dom0-fc32/rofi-1.7.3-1.fc32.x86_64.rpm
2022-05-12 18:15:53.334333 +0000 build-fedora1: 4b169a8984384f199932a8d0589abe65ce42b1e7f07012d671a4c8b4e8a9151869e515cddb2ac9631bfac40cce6ad1e5796182cd40c67b53fb62c907ea904037  pkgs/dom0-fc32/rofi-debuginfo-1.7.3-1.fc32.x86_64.rpm
2022-05-12 18:15:53.365467 +0000 build-fedora1: 65ba62adc2a1152a1101cc3e93d9d3cf12ac28574f6262e36ab4633564f7e32589e85915fe8daac08566dd87a1b89f9187b11c03796c060f448bd581d58aedff  pkgs/dom0-fc32/rofi-debugsource-1.7.3-1.fc32.x86_64.rpm
2022-05-12 18:15:53.379435 +0000 build-fedora1: d0ce5020feed350a1fd0a9f53850a66a5e1caa4afaacb8e86f0bb836f5431c694c90b68982766fb82cb31c20b39d6717d27dcfa91286a7cc6d7a37d88551310a  pkgs/dom0-fc32/rofi-devel-1.7.3-1.fc32.x86_64.rpm
2022-05-12 18:15:56.481677 +0000 build-fedora1: 042a7381973bb1e8511d432c30e673442f3ce1b242c34ba97988fcc590d408c50d65712228412142f01294ee7684a8d11b50043ddd2766d1af4376d4b27c9fe1  pkgs/dom0-fc32/rofi-devel-doc-1.7.3-1.fc32.noarch.rpm
2022-05-12 18:15:56.497501 +0000 build-fedora1: 823e763070d18cda92591359d5782f3997bb05ce33a1d17d9786e4768500242d4ba4642565b443627e0dd7aa1eb1b457649f81ef2ee79f47e7b33cfd0b838f12  pkgs/dom0-fc32/rofi-themes-1.7.3-1.fc32.noarch.rpm
2022-05-12 18:15:56.544539 +0000 build-fedora1: 65adf1a185699c4b0765881e1defcee964d98a47c188a8761746ba77c874619def509d950b02c4d849d9cd668579a4e07cc7f07833c93bf07d58f78832402ae6  pkgs/dom0-fc32/rofi.spec.list
2022-05-12 18:15:56.585948 +0000 build-fedora1: 5d1b8fed868a7fcf372298800997d4aeeb9b428858448a9b9e4c523af8d878aa172dc63ad788cdc950af89a1f3ea850bc4c98a55c9e8ace29e67050ac0c02078  rofi-1.7.3.tar.gz
2022-05-12 18:15:56.862842 +0000 build-fedora1: ================================================================================
2022-05-12 18:15:56.862891 +0000 build-fedora1:                            B U I L D   I N F O                                  
2022-05-12 18:15:56.862922 +0000 build-fedora1: Items in red indicate it was automatically generated by configuration file(s)
2022-05-12 18:15:56.862931 +0000 build-fedora1: Items in white indicate it was automatically removed by configuration file(s)
2022-05-12 18:15:56.862939 +0000 build-fedora1: ================================================================================
2022-05-12 18:15:56.862945 +0000 build-fedora1: DISTS_VM:
2022-05-12 18:15:56.912213 +0000 build-fedora1:     
2022-05-12 18:15:57.066568 +0000 build-fedora1: DISTS_ALL:
2022-05-12 18:15:57.066611 +0000 build-fedora1:      dom0-fc32,
2022-05-12 18:15:57.066618 +0000 build-fedora1: DIST_DOM0:
2022-05-12 18:15:57.066623 +0000 build-fedora1:      fc32,
2022-05-12 18:15:57.066629 +0000 build-fedora1: BUILDER_PLUGINS:
2022-05-12 18:15:57.066636 +0000 build-fedora1:      builder-rpm, mgmt-salt, contrib-configs, builder-github,
2022-05-12 18:15:57.066642 +0000 build-fedora1: COMPONENTS:
2022-05-12 18:15:57.066647 +0000 build-fedora1:      rofi,
2022-05-12 18:15:57.066652 +0000 build-fedora1: GIT_REPOS:
2022-05-12 18:15:57.066657 +0000 build-fedora1:      qubes-src/rofi,
2022-05-12 18:15:57.066662 +0000 build-fedora1: TEMPLATE:
2022-05-12 18:15:57.066667 +0000 build-fedora1:     
2022-05-12 18:15:57.066672 +0000 build-fedora1: TEMPLATE_FLAVOR_DIR:
2022-05-12 18:15:57.066677 +0000 build-fedora1:     
2022-05-12 18:15:57.066682 +0000 build-fedora1: TEMPLATE_ALIAS:
2022-05-12 18:15:57.066687 +0000 build-fedora1:     
2022-05-12 18:15:57.066692 +0000 build-fedora1: TEMPLATE_LABEL:
2022-05-12 18:15:57.066696 +0000 build-fedora1:     
2022-05-12 18:15:57.066701 +0000 build-fedora1: > running make
2022-05-12 18:15:57.066710 +0000 build-fedora1: Makefile:863: target 'internal-update-repo-current.dom0.fc32.rofi' does not exist
2022-05-12 18:15:57.066717 +0000 build-fedora1: repo_base_var="LINUX_REPO_${DIST//-/_}_BASEDIR"; \
2022-05-12 18:15:57.066724 +0000 build-fedora1: if [ "rofi" = linux-template-builder ]; then \
2022-05-12 18:15:57.066732 +0000 build-fedora1: .# templates belongs to dom0 repository, even though PACKAGE_SET=vm
2022-05-12 18:15:57.066738 +0000 build-fedora1: repo_base_var="LINUX_REPO_fc32_BASEDIR"; \
2022-05-12 18:15:57.066743 +0000 build-fedora1: fi; \
2022-05-12 18:15:57.066749 +0000 build-fedora1: if [ -n "${!repo_base_var}" ]; then \
2022-05-12 18:15:57.066755 +0000 build-fedora1: .repo_basedir="${!repo_base_var}"; \
2022-05-12 18:15:57.066760 +0000 build-fedora1: else \
2022-05-12 18:15:57.066766 +0000 build-fedora1: .repo_basedir="qubes-src/linux-yum/r4.1"; \
2022-05-12 18:15:57.066771 +0000 build-fedora1: fi; \
2022-05-12 18:15:57.066777 +0000 build-fedora1: if [ -r qubes-src/rofi/Makefile.builder ]; then \
2022-05-12 18:15:57.066784 +0000 build-fedora1: .echo -n "Updating qubes-src/rofi... "; \
2022-05-12 18:15:57.066789 +0000 build-fedora1: .if [ "0" -eq 1 ]; then \
2022-05-12 18:15:57.066797 +0000 build-fedora1: ..vtag=`git -C qubes-src/rofi tag --points-at HEAD --list v*`; \
2022-05-12 18:15:57.066802 +0000 build-fedora1: ..if [ -z "$vtag" ]; then \
2022-05-12 18:15:57.066808 +0000 build-fedora1: ...echo "no version tag"; \
2022-05-12 18:15:57.066813 +0000 build-fedora1: ...exit 0; \
2022-05-12 18:15:57.066818 +0000 build-fedora1: ..fi; \
2022-05-12 18:15:57.066823 +0000 build-fedora1: .fi; \
2022-05-12 18:15:57.066829 +0000 build-fedora1: .if [ "rofi" = linux-template-builder ]; then
2022-05-12 18:15:57.066838 +0000 build-fedora1: export TEMPLATE_NAME=$(MAKEFLAGS= make -s -C qubes-src/linux-template-builder DIST=fc32 template-name)
2022-05-12 18:15:57.066843 +0000 build-fedora1: fi
2022-05-12 18:15:57.066858 +0000 build-fedora1: component_packages=$(MAKEFLAGS= make -s -f Makefile.generic DIST=fc32 PACKAGE_SET=dom0 COMPONENT=`basename qubes-src/rofi` UPDATE_REPO=/home/user/builder-r4.1/$repo_basedir/current/dom0/fc32 get-var GET_VAR=PACKAGE_LIST); \
2022-05-12 18:15:57.066866 +0000 build-fedora1: .if [ -z "$component_packages" ]; then \
2022-05-12 18:15:57.066891 +0000 build-fedora1: ..echo "no packages."; \
2022-05-12 18:15:57.066897 +0000 build-fedora1: ..exit 0; \
2022-05-12 18:15:57.066902 +0000 build-fedora1: .fi; \
2022-05-12 18:15:57.066909 +0000 build-fedora1: .make -s -f Makefile.generic DIST=fc32 PACKAGE_SET=dom0 \
2022-05-12 18:15:57.066915 +0000 build-fedora1: ..COMPONENT=`basename qubes-src/rofi` \
2022-05-12 18:15:57.066921 +0000 build-fedora1: ..SNAPSHOT_REPO=current-testing \
2022-05-12 18:15:57.066926 +0000 build-fedora1: ..TARGET_REPO=current \
2022-05-12 18:15:57.066934 +0000 build-fedora1: ..UPDATE_REPO=/home/user/builder-r4.1/$repo_basedir/current/dom0/fc32 \
2022-05-12 18:15:57.066943 +0000 build-fedora1: ..SNAPSHOT_FILE=/home/user/builder-r4.1/repo-latest-snapshot/current-testing-dom0-fc32-`basename qubes-src/rofi` \
2022-05-12 18:15:57.066965 +0000 build-fedora1: ..BUILD_LOG_URL= \
2022-05-12 18:15:57.066972 +0000 build-fedora1: ..update-repo-from-snapshot || exit 1; \
2022-05-12 18:15:57.066980 +0000 build-fedora1: elif make -C qubes-src/rofi -n update-repo-current >/dev/null 2>/dev/null; then \
2022-05-12 18:15:57.066986 +0000 build-fedora1: .echo "Updating qubes-src/rofi... "; \
2022-05-12 18:15:57.066994 +0000 build-fedora1: .DIST=fc32 UPDATE_REPO=/home/user/builder-r4.1/$repo_basedir/current/dom0/fc32 \
2022-05-12 18:15:57.067001 +0000 build-fedora1: .make -s -C qubes-src/rofi update-repo-current || exit 1; \
2022-05-12 18:15:57.067006 +0000 build-fedora1: else \
2022-05-12 18:15:57.067013 +0000 build-fedora1: .echo -n "Updating qubes-src/rofi... skipping."; \
2022-05-12 18:15:57.067018 +0000 build-fedora1: fi; \
2022-05-12 18:15:57.067022 +0000 build-fedora1: echo
2022-05-12 18:15:59.109472 +0000 build-fedora1: Updating qubes-src/rofi... Makefile.generic:229: target 'update-repo-date-check' does not exist
2022-05-12 18:15:59.109521 +0000 build-fedora1: if ! [ -r /home/user/builder-r4.1/repo-latest-snapshot/current-testing-dom0-fc32-rofi ]; then \
2022-05-12 18:15:59.109532 +0000 build-fedora1: .echo "`tput bold`*** Packages weren't uploaded to current-testing! ***`tput sgr0`"; \
2022-05-12 18:15:59.109538 +0000 build-fedora1: .exit 1; \
2022-05-12 18:15:59.109543 +0000 build-fedora1: fi
2022-05-12 18:15:59.205196 +0000 build-fedora1: touch -t `date -d "5 days ago" +%Y%m%d%H%M` /tmp/age-compare-file
2022-05-12 18:15:59.206935 +0000 build-fedora1: if ! [ /home/user/builder-r4.1/repo-latest-snapshot/current-testing-dom0-fc32-rofi -ot /tmp/age-compare-file ]; then \
2022-05-12 18:15:59.206948 +0000 build-fedora1: .echo "`tput bold`*** Packages weren't in current-testing for at least 5 days! ***`tput sgr0`"; \
2022-05-12 18:15:59.206954 +0000 build-fedora1: .exit 1; \
2022-05-12 18:15:59.206960 +0000 build-fedora1: fi
2022-05-12 18:15:59.207630 +0000 build-fedora1: rm -f /tmp/age-compare-file
2022-05-12 18:15:59.210015 +0000 build-fedora1: /home/user/builder-r4.1/qubes-src/builder-rpm/Makefile.rpmbuilder:195: target 'update-repo-from-snapshot-do' does not exist
2022-05-12 18:15:59.210050 +0000 build-fedora1: for f in pkgs/dom0-fc32/rofi-1.7.3-1.fc32.src.rpm pkgs/dom0-fc32/rofi-1.7.3-1.fc32.x86_64.rpm pkgs/dom0-fc32/rofi-debuginfo-1.7.3-1.fc32.x86_64.rpm pkgs/dom0-fc32/rofi-debugsource-1.7.3-1.fc32.x86_64.rpm pkgs/dom0-fc32/rofi-devel-1.7.3-1.fc32.x86_64.rpm pkgs/dom0-fc32/rofi-devel-doc-1.7.3-1.fc32.noarch.rpm pkgs/dom0-fc32/rofi-themes-1.7.3-1.fc32.noarch.rpm pkgs/dom0-fc32/rofi-1.7.3-1.fc32.x86_64.buildinfo; do \
2022-05-12 18:15:59.210065 +0000 build-fedora1: .ln -f /home/user/builder-r4.1/qubes-src/linux-yum/r4.1/current-testing/dom0/fc32/rpm/`basename $f` /home/user/builder-r4.1/qubes-src/linux-yum/r4.1/current/dom0/fc32/rpm/ || exit 1; \
2022-05-12 18:15:59.210070 +0000 build-fedora1: done
2022-05-12 18:15:59.389576 +0000 build-fedora1: /home/user/builder-r4.1/qubes-src/builder-github//Makefile.github:18: target 'notify-github' does not exist
2022-05-12 18:15:59.389618 +0000 build-fedora1: [ -z "rofi-1.7.3-1.fc32" ] || /home/user/builder-r4.1/qubes-src/builder-github//notify-issues \
2022-05-12 18:15:59.389635 +0000 build-fedora1: .--build-log="" \
2022-05-12 18:15:59.389641 +0000 build-fedora1: .upload \
2022-05-12 18:15:59.389646 +0000 build-fedora1: ."r4.1" \
2022-05-12 18:15:59.389652 +0000 build-fedora1: ."qubes-src/rofi" \
2022-05-12 18:15:59.389657 +0000 build-fedora1: ."rofi-1.7.3-1.fc32" \
2022-05-12 18:15:59.389662 +0000 build-fedora1: ."fc32" \
2022-05-12 18:15:59.389667 +0000 build-fedora1: ."dom0" \
2022-05-12 18:15:59.389672 +0000 build-fedora1: ."current" \
2022-05-12 18:15:59.389680 +0000 build-fedora1: ."/home/user/github-notify-state/r4.1-rofi-dom0-fc32-current" \
2022-05-12 18:15:59.389687 +0000 build-fedora1: ."/home/user/github-notify-state/r4.1-rofi-dom0-fc32-current"
2022-05-12 18:16:05.192553 +0000 build-fedora1: WARNING: /home/user/github-notify-state/r4.1-rofi-dom0-fc32-current does not exist, initializing with the current state
2022-05-12 18:16:05.192595 +0000 build-fedora1: Traceback (most recent call last):
2022-05-12 18:16:05.192605 +0000 build-fedora1:   File "/usr/lib/python3.10/site-packages/urllib3/connection.py", line 174, in _new_conn
2022-05-12 18:16:05.209121 +0000 build-fedora1:     conn = connection.create_connection(
2022-05-12 18:16:05.209140 +0000 build-fedora1:   File "/usr/lib/python3.10/site-packages/urllib3/util/connection.py", line 73, in create_connection
2022-05-12 18:16:05.221224 +0000 build-fedora1:     for res in socket.getaddrinfo(host, port, family, socket.SOCK_STREAM):
2022-05-12 18:16:05.221244 +0000 build-fedora1:   File "/usr/lib64/python3.10/socket.py", line 955, in getaddrinfo
2022-05-12 18:16:05.265020 +0000 build-fedora1:     for res in _socket.getaddrinfo(host, port, family, type, proto, flags):
2022-05-12 18:16:05.265062 +0000 build-fedora1: socket.gaierror: [Errno -3] Temporary failure in name resolution
2022-05-12 18:16:05.265069 +0000 build-fedora1: 
2022-05-12 18:16:05.265077 +0000 build-fedora1: During handling of the above exception, another exception occurred:
2022-05-12 18:16:05.265082 +0000 build-fedora1: 
2022-05-12 18:16:05.265088 +0000 build-fedora1: Traceback (most recent call last):
2022-05-12 18:16:05.265097 +0000 build-fedora1:   File "/usr/lib/python3.10/site-packages/urllib3/connectionpool.py", line 699, in urlopen
2022-05-12 18:16:05.265719 +0000 build-fedora1:     httplib_response = self._make_request(
2022-05-12 18:16:05.265746 +0000 build-fedora1:   File "/usr/lib/python3.10/site-packages/urllib3/connectionpool.py", line 382, in _make_request
2022-05-12 18:16:05.265778 +0000 build-fedora1:     self._validate_conn(conn)
2022-05-12 18:16:05.265815 +0000 build-fedora1:   File "/usr/lib/python3.10/site-packages/urllib3/connectionpool.py", line 1010, in _validate_conn
2022-05-12 18:16:05.265935 +0000 build-fedora1:     conn.connect()
2022-05-12 18:16:05.265945 +0000 build-fedora1:   File "/usr/lib/python3.10/site-packages/urllib3/connection.py", line 358, in connect
2022-05-12 18:16:05.266015 +0000 build-fedora1:     conn = self._new_conn()
2022-05-12 18:16:05.266025 +0000 build-fedora1:   File "/usr/lib/python3.10/site-packages/urllib3/connection.py", line 186, in _new_conn
2022-05-12 18:16:05.266031 +0000 build-fedora1:     raise NewConnectionError(
2022-05-12 18:16:05.266044 +0000 build-fedora1: urllib3.exceptions.NewConnectionError: <urllib3.connection.HTTPSConnection object at 0x70799915c520>: Failed to establish a new connection: [Errno -3] Temporary failure in name resolution
2022-05-12 18:16:05.266049 +0000 build-fedora1: 
2022-05-12 18:16:05.266056 +0000 build-fedora1: During handling of the above exception, another exception occurred:
2022-05-12 18:16:05.266061 +0000 build-fedora1: 
2022-05-12 18:16:05.266067 +0000 build-fedora1: Traceback (most recent call last):
2022-05-12 18:16:05.266075 +0000 build-fedora1:   File "/usr/lib/python3.10/site-packages/requests/adapters.py", line 440, in send
2022-05-12 18:16:05.267074 +0000 build-fedora1:     resp = conn.urlopen(
2022-05-12 18:16:05.267115 +0000 build-fedora1:   File "/usr/lib/python3.10/site-packages/urllib3/connectionpool.py", line 755, in urlopen
2022-05-12 18:16:05.267183 +0000 build-fedora1:     retries = retries.increment(
2022-05-12 18:16:05.267193 +0000 build-fedora1:   File "/usr/lib/python3.10/site-packages/urllib3/util/retry.py", line 574, in increment
2022-05-12 18:16:05.267956 +0000 build-fedora1:     raise MaxRetryError(_pool, url, error or ResponseError(cause))
2022-05-12 18:16:05.267983 +0000 build-fedora1: urllib3.exceptions.MaxRetryError: HTTPSConnectionPool(host='api.github.com', port=443): Max retries exceeded with url: /repos/QubesOS-contrib/updates-status/issues/64/comments (Caused by NewConnectionError('<urllib3.connection.HTTPSConnection object at 0x70799915c520>: Failed to establish a new connection: [Errno -3] Temporary failure in name resolution'))
2022-05-12 18:16:05.267989 +0000 build-fedora1: 
2022-05-12 18:16:05.267997 +0000 build-fedora1: During handling of the above exception, another exception occurred:
2022-05-12 18:16:05.268002 +0000 build-fedora1: 
2022-05-12 18:16:05.268008 +0000 build-fedora1: Traceback (most recent call last):
2022-05-12 18:16:05.268017 +0000 build-fedora1:   File "/home/user/builder-r4.1/qubes-src/builder-github//notify-issues", line 532, in <module>
2022-05-12 18:16:05.268097 +0000 build-fedora1:     main()
2022-05-12 18:16:05.268107 +0000 build-fedora1:   File "/home/user/builder-r4.1/qubes-src/builder-github//notify-issues", line 527, in main
2022-05-12 18:16:05.268184 +0000 build-fedora1:     notify_build_report(args, dist_label, repo_type, current_commit,
2022-05-12 18:16:05.268194 +0000 build-fedora1:   File "/home/user/builder-r4.1/qubes-src/builder-github//notify-issues", line 397, in notify_build_report
2022-05-12 18:16:05.268289 +0000 build-fedora1:     comment_issue(report_issue_no, report_message,
2022-05-12 18:16:05.268299 +0000 build-fedora1:   File "/home/user/builder-r4.1/qubes-src/builder-github//notify-issues", line 51, in comment_issue
2022-05-12 18:16:05.268307 +0000 build-fedora1:     resp = requests.post("{}/repos/{}/issues/{}/comments".format(
2022-05-12 18:16:05.268315 +0000 build-fedora1:   File "/usr/lib/python3.10/site-packages/requests/api.py", line 117, in post
2022-05-12 18:16:05.268571 +0000 build-fedora1:     return request('post', url, data=data, json=json, **kwargs)
2022-05-12 18:16:05.268580 +0000 build-fedora1:   File "/usr/lib/python3.10/site-packages/requests/api.py", line 61, in request
2022-05-12 18:16:05.268598 +0000 build-fedora1:     return session.request(method=method, url=url, **kwargs)
2022-05-12 18:16:05.268629 +0000 build-fedora1:   File "/usr/lib/python3.10/site-packages/requests/sessions.py", line 529, in request
2022-05-12 18:16:05.269086 +0000 build-fedora1:     resp = self.send(prep, **send_kwargs)
2022-05-12 18:16:05.269095 +0000 build-fedora1:   File "/usr/lib/python3.10/site-packages/requests/sessions.py", line 645, in send
2022-05-12 18:16:05.269175 +0000 build-fedora1:     r = adapter.send(request, **kwargs)
2022-05-12 18:16:05.269184 +0000 build-fedora1:   File "/usr/lib/python3.10/site-packages/requests/adapters.py", line 519, in send
2022-05-12 18:16:05.269269 +0000 build-fedora1:     raise ConnectionError(e, request=request)
2022-05-12 18:16:05.269292 +0000 build-fedora1: requests.exceptions.ConnectionError: HTTPSConnectionPool(host='api.github.com', port=443): Max retries exceeded with url: /repos/QubesOS-contrib/updates-status/issues/64/comments (Caused by NewConnectionError('<urllib3.connection.HTTPSConnection object at 0x70799915c520>: Failed to establish a new connection: [Errno -3] Temporary failure in name resolution'))
2022-05-12 18:16:05.280125 +0000 build-fedora1: make[1]: *** [/home/user/builder-r4.1/qubes-src/builder-github//Makefile.github:18: notify-github] Error 1
2022-05-12 18:16:05.280442 +0000 build-fedora1: make: *** [Makefile:863: internal-update-repo-current.dom0.fc32.rofi] Error 1
2022-05-12 18:16:05.280712 +0000 > closing log
