2022-05-12 18:15:11.282576 +0000 > starting log
2022-05-12 18:15:11.282964 +0000 build-centos1: > starting build with log
2022-05-12 18:15:11.282975 +0000 build-centos1: >> make args: update-repo-current
2022-05-12 18:15:11.282981 +0000 build-centos1: >> MAKEFLAGS=
2022-05-12 18:15:11.282987 +0000 build-centos1: >> COMPONENTS=app-split-browser
2022-05-12 18:15:11.282994 +0000 build-centos1: >> DISTS_VM=centos-stream8
2022-05-12 18:15:11.282999 +0000 build-centos1: >> DIST_DOM0=
2022-05-12 18:15:11.283008 +0000 build-centos1: >> qubes-builder 1fb9d931e2644a4e8819f486db9c08140bd8e1c7
2022-05-12 18:15:11.283017 +0000 build-centos1: >> qubes-builder/qubes-src/app-split-browser ec2237ce7de25f405ece08dccf98f29e54cf4ab1
2022-05-12 18:15:11.283026 +0000 build-centos1: !! pkgs/vm-centos-stream8/qubes-split-browser-0.14.0-1.el8.noarch.rpm
2022-05-12 18:15:11.283034 +0000 build-centos1: !! pkgs/vm-centos-stream8/qubes-split-browser-0.14.0-1.el8.src.rpm
2022-05-12 18:15:11.283042 +0000 build-centos1: !! pkgs/vm-centos-stream8/qubes-split-browser-0.14.0-1.el8.x86_64.buildinfo
2022-05-12 18:15:11.283050 +0000 build-centos1: !! pkgs/vm-centos-stream8/qubes-split-browser-disp-0.14.0-1.el8.noarch.rpm
2022-05-12 18:15:11.283056 +0000 build-centos1: !! pkgs/vm-centos-stream8/qubes-split-browser.spec.list
2022-05-12 18:15:11.283064 +0000 build-centos1: !! pkgs/vm-centos8/qubes-split-browser-0.12.4-1.centos8.noarch.rpm
2022-05-12 18:15:11.283071 +0000 build-centos1: !! pkgs/vm-centos8/qubes-split-browser-0.12.4-1.centos8.src.rpm
2022-05-12 18:15:11.283079 +0000 build-centos1: !! pkgs/vm-centos8/qubes-split-browser-0.12.4-1.centos8.x86_64.buildinfo
2022-05-12 18:15:11.283086 +0000 build-centos1: !! pkgs/vm-centos8/qubes-split-browser-0.13.0-1.centos8.noarch.rpm
2022-05-12 18:15:11.283093 +0000 build-centos1: !! pkgs/vm-centos8/qubes-split-browser-0.13.0-1.centos8.src.rpm
2022-05-12 18:15:11.283100 +0000 build-centos1: !! pkgs/vm-centos8/qubes-split-browser-0.13.0-1.centos8.x86_64.buildinfo
2022-05-12 18:15:11.283108 +0000 build-centos1: !! pkgs/vm-centos8/qubes-split-browser-0.13.0-2.centos8.x86_64.buildinfo
2022-05-12 18:15:11.283115 +0000 build-centos1: !! pkgs/vm-centos8/qubes-split-browser-0.13.1-1.centos8.noarch.rpm
2022-05-12 18:15:11.283122 +0000 build-centos1: !! pkgs/vm-centos8/qubes-split-browser-0.13.1-1.centos8.src.rpm
2022-05-12 18:15:11.283130 +0000 build-centos1: !! pkgs/vm-centos8/qubes-split-browser-0.13.1-1.centos8.x86_64.buildinfo
2022-05-12 18:15:11.283137 +0000 build-centos1: !! pkgs/vm-centos8/qubes-split-browser-0.14.0-1.el8.noarch.rpm
2022-05-12 18:15:11.283144 +0000 build-centos1: !! pkgs/vm-centos8/qubes-split-browser-0.14.0-1.el8.src.rpm
2022-05-12 18:15:11.283151 +0000 build-centos1: !! pkgs/vm-centos8/qubes-split-browser-0.14.0-1.el8.x86_64.buildinfo
2022-05-12 18:15:11.283159 +0000 build-centos1: !! pkgs/vm-centos8/qubes-split-browser-disp-0.12.4-1.centos8.noarch.rpm
2022-05-12 18:15:11.283166 +0000 build-centos1: !! pkgs/vm-centos8/qubes-split-browser-disp-0.13.0-1.centos8.noarch.rpm
2022-05-12 18:15:11.283174 +0000 build-centos1: !! pkgs/vm-centos8/qubes-split-browser-disp-0.13.1-1.centos8.noarch.rpm
2022-05-12 18:15:11.283181 +0000 build-centos1: !! pkgs/vm-centos8/qubes-split-browser-disp-0.14.0-1.el8.noarch.rpm
2022-05-12 18:15:11.283187 +0000 build-centos1: !! pkgs/vm-centos8/qubes-split-browser.spec.list
2022-05-12 18:15:11.283200 +0000 build-centos1: 3ec08c052da68d33078481da2154158478c3a3294a87affb051f16e54c62b0bee712baa336773d6b3c23cbb391b6e8f2db525b4aef27af2baebf9a073a51996d  pkgs/vm-centos-stream8/qubes-split-browser-0.14.0-1.el8.noarch.rpm
2022-05-12 18:15:11.283214 +0000 build-centos1: 57180d589535a8c088a6f66b59abab165195d6d548db6d6abd53a084b3557587eecda605cb0f0e40b5189b396a7573f67dc78e0b98e9ff2baef681a80dc0c324  pkgs/vm-centos-stream8/qubes-split-browser-0.14.0-1.el8.src.rpm
2022-05-12 18:15:11.283227 +0000 build-centos1: 34b0d218b740454b094994aae84472fbac715e77d3b656557bfb3a80915547cacc1998b308a8e88f8a0f958710b1b9c8aeec6ce23e5cbdb4a55da46934fb7aed  pkgs/vm-centos-stream8/qubes-split-browser-0.14.0-1.el8.x86_64.buildinfo
2022-05-12 18:15:11.283244 +0000 build-centos1: 32220faf4c2d8ce6ab1099fbdd32b58d87598c55d54235d3d5405dd9a59811712c4c327eaee3992bb53a3c104f4ebc4806b0d8f388d6fb7006f3d18667429b19  pkgs/vm-centos-stream8/qubes-split-browser-disp-0.14.0-1.el8.noarch.rpm
2022-05-12 18:15:11.283257 +0000 build-centos1: 4007c6507f5fde7acf6d35b5415ca91b6a9adee74c105c7d7970d66e00bbca974bcb854a5b6046674d7aee86125929409e24511658a5dda7fa069c30c7dc2868  pkgs/vm-centos-stream8/qubes-split-browser.spec.list
2022-05-12 18:15:11.283270 +0000 build-centos1: 250662848159aee916084355c839c640e80d06b33e272b18975ec5731b020a56b1004815c60697fd778f14a7d26f47c953948b4a50d4a227f70c117f358feed9  pkgs/vm-centos8/qubes-split-browser-0.12.4-1.centos8.noarch.rpm
2022-05-12 18:15:11.283283 +0000 build-centos1: b0db9e72952bbca9f91098f84f878577082a32e411a63752d8fc94e3403e4dd142dd0d72ffd80f45f4debed9c2701e1e356ce75d285b5090519b20c85903df81  pkgs/vm-centos8/qubes-split-browser-0.12.4-1.centos8.src.rpm
2022-05-12 18:15:11.283296 +0000 build-centos1: effe62098ca0162e3865b46553e9dd1e5341424940e4c799023beda1254837b58eeb1d6b529ab7770e61c137ebf1693cf2a6da4fe8b54effc6b7b6329a16e768  pkgs/vm-centos8/qubes-split-browser-0.12.4-1.centos8.x86_64.buildinfo
2022-05-12 18:15:11.283309 +0000 build-centos1: 4c3b413bcada537187abe898744bcb68c60127184a54f19b5d08ddbd3986359dbad62a6cb8b8b622f2161b9b6cd4abd6e1b8d18a53ec89e7657504abd491cfda  pkgs/vm-centos8/qubes-split-browser-0.13.0-1.centos8.noarch.rpm
2022-05-12 18:15:11.283321 +0000 build-centos1: 2eff8224cbb2740c274f37d3fa3005bd8a5171989452f513ed5ba8f5abab22c85759870648bb91988114d0aae9456665ef23e3f51c6b9cc15195458c1f500cc1  pkgs/vm-centos8/qubes-split-browser-0.13.0-1.centos8.src.rpm
2022-05-12 18:15:11.283335 +0000 build-centos1: e27ab3632b26d12311879df685377d6089b346dce2357b75de2b46f54ef88991e8ed9ffa68820194629df02224dfb3e87b801f70cb0fee7fc596147245f43bb6  pkgs/vm-centos8/qubes-split-browser-0.13.0-1.centos8.x86_64.buildinfo
2022-05-12 18:15:11.283350 +0000 build-centos1: 121de45d2b9fda79cd1d3ec7a005350211baa921e0d019fc4ff4892e39f938dd3e882736e970fe081abd8ed215c52d79969e5ee08e480de6fe05dfa02e92aa16  pkgs/vm-centos8/qubes-split-browser-0.13.0-2.centos8.x86_64.buildinfo
2022-05-12 18:15:11.283363 +0000 build-centos1: 81af6a7a2a89aa1c61ee70a88a650e0d321c4a2671594f1ad8cccf64c9c14045520924ad8d5a575b8c1eef1372eb64cd70f3e44d33d144beca242f6ee904c79b  pkgs/vm-centos8/qubes-split-browser-0.13.1-1.centos8.noarch.rpm
2022-05-12 18:15:11.283376 +0000 build-centos1: 398d46cf1a5bfd9a6248890345ead1de4f5374789269cdd7f0e6caa536bc31f21042f24e80d16ddfdab75d8b91b0672da3b204b70d9fd0fc383536a6a45eae9c  pkgs/vm-centos8/qubes-split-browser-0.13.1-1.centos8.src.rpm
2022-05-12 18:15:11.283389 +0000 build-centos1: 739286dc6903fa330cbee7ce8c2f5e05d97e52017e63cb38902be319f5d55569534ab20d5f38ad13d74be50aacf423110d2348778fe69c80bb19638215dc6f2f  pkgs/vm-centos8/qubes-split-browser-0.13.1-1.centos8.x86_64.buildinfo
2022-05-12 18:15:11.283401 +0000 build-centos1: ba170e2103017f1731fa6cc186d4bfaf288dec0b43c2356da6d9fbf27f7bddc60e7cdcc50bd7bf67a92c5430bc391865dbfb171208fdd5cd553db6cf39595b1c  pkgs/vm-centos8/qubes-split-browser-0.14.0-1.el8.noarch.rpm
2022-05-12 18:15:11.283414 +0000 build-centos1: e3fccbe92657e0aead20ac2657439d2bfc3adc95f3626c21d512cc4d80ce2bcc3b2590a74d58f3ddf7fd5980aa20a31ecbae4cc58eccd47345b32e1dd0dfb818  pkgs/vm-centos8/qubes-split-browser-0.14.0-1.el8.src.rpm
2022-05-12 18:15:11.283427 +0000 build-centos1: 7741ff4995c845f1fa7faf793ec89f26d91ce68d5263dea9b236d819451ef5002c8f8ff582b6b36f0b8e7b805e81997a9c9c6afe0c0cab97c3c02d3051dba663  pkgs/vm-centos8/qubes-split-browser-0.14.0-1.el8.x86_64.buildinfo
2022-05-12 18:15:11.283440 +0000 build-centos1: c098ef20c6408e62575cf6fbafaffea73284075e4d1ebab9f7d490d6a13578b6009a70bf752111daf8ac4e8aa44e1c7e0e437f39447d9be2f83118e26eab1aa7  pkgs/vm-centos8/qubes-split-browser-disp-0.12.4-1.centos8.noarch.rpm
2022-05-12 18:15:11.283457 +0000 build-centos1: c6e9e48821d8a7dfaa8511733af175e5ee9e2054ab1d909b403ee4c990d7837411356c9377f5e3baeb0481a27e03d9e6fe370f99fb3daafe920518e8100329bb  pkgs/vm-centos8/qubes-split-browser-disp-0.13.0-1.centos8.noarch.rpm
2022-05-12 18:15:11.283470 +0000 build-centos1: 07ef739809cfe0f9d13c21c4c7033020a63d44647b418616a8e57f8b16684eed6b2d7a2e23915fc26e09bd7dc5302fe44f85f9548acac05b15e7d422c3e3c03b  pkgs/vm-centos8/qubes-split-browser-disp-0.13.1-1.centos8.noarch.rpm
2022-05-12 18:15:11.283483 +0000 build-centos1: 575d7fb165bf5005d36e6f0aec00d2c0522fb6905758c63ac85f9a60944e8d1bb0becd9ec37d586a8a30a6761ab6436879b80e72e3d1da7f5f14f7e854ef0bee  pkgs/vm-centos8/qubes-split-browser-disp-0.14.0-1.el8.noarch.rpm
2022-05-12 18:15:11.283495 +0000 build-centos1: eea97f5622418be6b310351c1059e1e37822d59e268c5fcd6a6832482bf4641d90b95ec394cc4d87dd4c9e8ab1e7fbf0df50ec6315730b564c7adc7cfa5bbade  pkgs/vm-centos8/qubes-split-browser.spec.list
2022-05-12 18:15:11.283503 +0000 build-centos1: ================================================================================
2022-05-12 18:15:11.283511 +0000 build-centos1:                            B U I L D   I N F O                                  
2022-05-12 18:15:11.283519 +0000 build-centos1: Items in red indicate it was automatically generated by configuration file(s)
2022-05-12 18:15:11.283527 +0000 build-centos1: Items in white indicate it was automatically removed by configuration file(s)
2022-05-12 18:15:11.283535 +0000 build-centos1: ================================================================================
2022-05-12 18:15:11.283540 +0000 build-centos1: DISTS_VM:
2022-05-12 18:15:11.283545 +0000 build-centos1:      centos-stream8,
2022-05-12 18:15:11.283550 +0000 build-centos1: DISTS_ALL:
2022-05-12 18:15:11.283556 +0000 build-centos1:      vm-centos-stream8,
2022-05-12 18:15:11.283561 +0000 build-centos1: DIST_DOM0:
2022-05-12 18:15:11.283565 +0000 build-centos1:     
2022-05-12 18:15:11.283571 +0000 build-centos1: BUILDER_PLUGINS:
2022-05-12 18:15:11.283578 +0000 build-centos1:      builder-rpm, mgmt-salt, contrib-configs, builder-github,
2022-05-12 18:15:11.283583 +0000 build-centos1: COMPONENTS:
2022-05-12 18:15:11.283588 +0000 build-centos1:      app-split-browser,
2022-05-12 18:15:11.283593 +0000 build-centos1: GIT_REPOS:
2022-05-12 18:15:11.283599 +0000 build-centos1:      qubes-src/app-split-browser,
2022-05-12 18:15:11.283604 +0000 build-centos1: TEMPLATE:
2022-05-12 18:15:11.283608 +0000 build-centos1:     
2022-05-12 18:15:11.283613 +0000 build-centos1: TEMPLATE_FLAVOR_DIR:
2022-05-12 18:15:11.283618 +0000 build-centos1:     
2022-05-12 18:15:11.283623 +0000 build-centos1: TEMPLATE_ALIAS:
2022-05-12 18:15:11.283628 +0000 build-centos1:     
2022-05-12 18:15:11.283633 +0000 build-centos1: TEMPLATE_LABEL:
2022-05-12 18:15:11.283637 +0000 build-centos1:     
2022-05-12 18:15:11.283642 +0000 build-centos1: > running make
2022-05-12 18:15:11.283651 +0000 build-centos1: Makefile:863: target 'internal-update-repo-current.vm.centos-stream8.app-split-browser' does not exist
2022-05-12 18:15:11.283658 +0000 build-centos1: repo_base_var="LINUX_REPO_${DIST//-/_}_BASEDIR"; \
2022-05-12 18:15:11.283665 +0000 build-centos1: if [ "app-split-browser" = linux-template-builder ]; then \
2022-05-12 18:15:11.283673 +0000 build-centos1: .# templates belongs to dom0 repository, even though PACKAGE_SET=vm
2022-05-12 18:15:11.283679 +0000 build-centos1: repo_base_var="LINUX_REPO__BASEDIR"; \
2022-05-12 18:15:11.283684 +0000 build-centos1: fi; \
2022-05-12 18:15:11.283690 +0000 build-centos1: if [ -n "${!repo_base_var}" ]; then \
2022-05-12 18:15:11.283696 +0000 build-centos1: .repo_basedir="${!repo_base_var}"; \
2022-05-12 18:15:11.283701 +0000 build-centos1: else \
2022-05-12 18:15:11.283707 +0000 build-centos1: .repo_basedir="qubes-src/linux-yum/r4.1"; \
2022-05-12 18:15:11.283714 +0000 build-centos1: fi; \
2022-05-12 18:15:11.283721 +0000 build-centos1: if [ -r qubes-src/app-split-browser/Makefile.builder ]; then \
2022-05-12 18:15:11.283728 +0000 build-centos1: .echo -n "Updating qubes-src/app-split-browser... "; \
2022-05-12 18:15:11.283734 +0000 build-centos1: .if [ "0" -eq 1 ]; then \
2022-05-12 18:15:11.283742 +0000 build-centos1: ..vtag=`git -C qubes-src/app-split-browser tag --points-at HEAD --list v*`; \
2022-05-12 18:15:11.283748 +0000 build-centos1: ..if [ -z "$vtag" ]; then \
2022-05-12 18:15:11.283753 +0000 build-centos1: ...echo "no version tag"; \
2022-05-12 18:15:11.283759 +0000 build-centos1: ...exit 0; \
2022-05-12 18:15:11.283763 +0000 build-centos1: ..fi; \
2022-05-12 18:15:11.283768 +0000 build-centos1: .fi; \
2022-05-12 18:15:11.283775 +0000 build-centos1: .if [ "app-split-browser" = linux-template-builder ]; then
2022-05-12 18:15:11.283784 +0000 build-centos1: export TEMPLATE_NAME=$(MAKEFLAGS= make -s -C qubes-src/linux-template-builder DIST=centos-stream8 template-name)
2022-05-12 18:15:11.283793 +0000 build-centos1: fi
2022-05-12 18:15:11.283811 +0000 build-centos1: component_packages=$(MAKEFLAGS= make -s -f Makefile.generic DIST=centos-stream8 PACKAGE_SET=vm COMPONENT=`basename qubes-src/app-split-browser` UPDATE_REPO=/home/user/builder-r4.1/$repo_basedir/current/vm/centos-stream8 get-var GET_VAR=PACKAGE_LIST); \
2022-05-12 18:15:11.283818 +0000 build-centos1: .if [ -z "$component_packages" ]; then \
2022-05-12 18:15:11.283823 +0000 build-centos1: ..echo "no packages."; \
2022-05-12 18:15:11.283828 +0000 build-centos1: ..exit 0; \
2022-05-12 18:15:11.283833 +0000 build-centos1: .fi; \
2022-05-12 18:15:11.283841 +0000 build-centos1: .make -s -f Makefile.generic DIST=centos-stream8 PACKAGE_SET=vm \
2022-05-12 18:15:11.283847 +0000 build-centos1: ..COMPONENT=`basename qubes-src/app-split-browser` \
2022-05-12 18:15:11.283853 +0000 build-centos1: ..SNAPSHOT_REPO=current-testing \
2022-05-12 18:15:11.283859 +0000 build-centos1: ..TARGET_REPO=current \
2022-05-12 18:15:11.283867 +0000 build-centos1: ..UPDATE_REPO=/home/user/builder-r4.1/$repo_basedir/current/vm/centos-stream8 \
2022-05-12 18:15:11.283877 +0000 build-centos1: ..SNAPSHOT_FILE=/home/user/builder-r4.1/repo-latest-snapshot/current-testing-vm-centos-stream8-`basename qubes-src/app-split-browser` \
2022-05-12 18:15:11.283882 +0000 build-centos1: ..BUILD_LOG_URL= \
2022-05-12 18:15:11.283889 +0000 build-centos1: ..update-repo-from-snapshot || exit 1; \
2022-05-12 18:15:11.283897 +0000 build-centos1: elif make -C qubes-src/app-split-browser -n update-repo-current >/dev/null 2>/dev/null; then \
2022-05-12 18:15:11.283904 +0000 build-centos1: .echo "Updating qubes-src/app-split-browser... "; \
2022-05-12 18:15:11.283913 +0000 build-centos1: .DIST=centos-stream8 UPDATE_REPO=/home/user/builder-r4.1/$repo_basedir/current/vm/centos-stream8 \
2022-05-12 18:15:11.283920 +0000 build-centos1: .make -s -C qubes-src/app-split-browser update-repo-current || exit 1; \
2022-05-12 18:15:11.283925 +0000 build-centos1: else \
2022-05-12 18:15:11.283932 +0000 build-centos1: .echo -n "Updating qubes-src/app-split-browser... skipping."; \
2022-05-12 18:15:11.283937 +0000 build-centos1: fi; \
2022-05-12 18:15:11.283942 +0000 build-centos1: echo
2022-05-12 18:15:11.283957 +0000 build-centos1: Updating qubes-src/app-split-browser... + ERR_OUTPUT=/dev/stderr
2022-05-12 18:15:11.283963 +0000 build-centos1: + '[' 2 -lt 2 ']'
2022-05-12 18:15:11.283971 +0000 build-centos1: ++ basename qubes-src/app-split-browser/rpm_spec/qubes-split-browser.spec.in
2022-05-12 18:15:11.283977 +0000 build-centos1: + [[ xqubes-split-browser.spec.in == \x\.\i\n ]]
2022-05-12 18:15:11.283985 +0000 build-centos1: + '[' -r qubes-src/app-split-browser/rpm_spec/qubes-split-browser.spec.in ']'
2022-05-12 18:15:11.283991 +0000 build-centos1: ++ mktemp --tmpdir tmp.XXXXXX.spec
2022-05-12 18:15:11.283997 +0000 build-centos1: + tmp_spec=/tmp/tmp.XQyiJf.spec
2022-05-12 18:15:11.284005 +0000 build-centos1: ++ dirname /home/user/builder-r4.1/qubes-src/builder-rpm/scripts/query-spec
2022-05-12 18:15:11.284019 +0000 build-centos1: + /home/user/builder-r4.1/qubes-src/builder-rpm/scripts/generate-spec qubes-src/app-split-browser/rpm_spec/qubes-split-browser.spec.in /tmp/tmp.XQyiJf.spec
2022-05-12 18:15:11.284025 +0000 build-centos1: + '[' 2 -lt 2 ']'
2022-05-12 18:15:11.284031 +0000 build-centos1: + '[' -z qubes-src/app-split-browser ']'
2022-05-12 18:15:11.284041 +0000 build-centos1: + cp qubes-src/app-split-browser/rpm_spec/qubes-split-browser.spec.in qubes-src/app-split-browser/rpm_spec/qubes-split-browser.spec.in.tmp
2022-05-12 18:15:11.284046 +0000 build-centos1: + read -r ver
2022-05-12 18:15:11.284051 +0000 build-centos1: + '[' x = x ']'
2022-05-12 18:15:11.284060 +0000 build-centos1: + sed -i 's|@VERSION@|0.14.1|g' qubes-src/app-split-browser/rpm_spec/qubes-split-browser.spec.in.tmp
2022-05-12 18:15:11.284065 +0000 build-centos1: + vnum=1
2022-05-12 18:15:11.284070 +0000 build-centos1: + read -r ver
2022-05-12 18:15:11.284076 +0000 build-centos1: + '[' -e qubes-src/app-split-browser/rel ']'
2022-05-12 18:15:11.284084 +0000 build-centos1: + grep -q @REL@ qubes-src/app-split-browser/rpm_spec/qubes-split-browser.spec.in.tmp
2022-05-12 18:15:11.284093 +0000 build-centos1: + sed -i -e s:@BACKEND_VMM@:xen:g qubes-src/app-split-browser/rpm_spec/qubes-split-browser.spec.in.tmp
2022-05-12 18:15:11.284102 +0000 build-centos1: + grep -q @CHANGELOG@ qubes-src/app-split-browser/rpm_spec/qubes-split-browser.spec.in.tmp
2022-05-12 18:15:11.284110 +0000 build-centos1: ++ dirname /home/user/builder-r4.1/qubes-src/builder-rpm/scripts/generate-spec
2022-05-12 18:15:11.284121 +0000 build-centos1: + /home/user/builder-r4.1/qubes-src/builder-rpm/scripts/generate-changelog qubes-src/app-split-browser qubes-src/app-split-browser/rpm_spec/qubes-split-browser.spec.in.tmp
2022-05-12 18:15:11.284129 +0000 build-centos1: + cat qubes-src/app-split-browser/rpm_spec/qubes-split-browser.spec.in.tmp
2022-05-12 18:15:11.284137 +0000 build-centos1: + rm -rf qubes-src/app-split-browser/rpm_spec/qubes-split-browser.spec.in.tmp
2022-05-12 18:15:11.284143 +0000 build-centos1: + '[' '%{SOURCE0}' = '%{SOURCE0}' ']'
2022-05-12 18:15:11.284154 +0000 build-centos1: ++ dirname /home/user/builder-r4.1/qubes-src/builder-rpm/scripts/query-spec
2022-05-12 18:15:11.284164 +0000 build-centos1: + /home/user/builder-r4.1/qubes-src/builder-rpm/scripts/../tools/spectool --list-files --source 0 /tmp/tmp.XQyiJf.spec
2022-05-12 18:15:11.284169 +0000 build-centos1: + rm -f /tmp/tmp.XQyiJf.spec
2022-05-12 18:15:11.284175 +0000 build-centos1: + ERR_OUTPUT=/dev/stderr
2022-05-12 18:15:11.284180 +0000 build-centos1: + '[' 2 -lt 2 ']'
2022-05-12 18:15:11.284188 +0000 build-centos1: ++ basename qubes-src/app-split-browser/rpm_spec/qubes-split-browser.spec.in
2022-05-12 18:15:11.284194 +0000 build-centos1: + [[ xqubes-split-browser.spec.in == \x\.\i\n ]]
2022-05-12 18:15:11.284202 +0000 build-centos1: + '[' -r qubes-src/app-split-browser/rpm_spec/qubes-split-browser.spec.in ']'
2022-05-12 18:15:11.284208 +0000 build-centos1: ++ mktemp --tmpdir tmp.XXXXXX.spec
2022-05-12 18:15:11.284214 +0000 build-centos1: + tmp_spec=/tmp/tmp.7plSUl.spec
2022-05-12 18:15:11.284222 +0000 build-centos1: ++ dirname /home/user/builder-r4.1/qubes-src/builder-rpm/scripts/query-spec
2022-05-12 18:15:11.284233 +0000 build-centos1: + /home/user/builder-r4.1/qubes-src/builder-rpm/scripts/generate-spec qubes-src/app-split-browser/rpm_spec/qubes-split-browser.spec.in /tmp/tmp.7plSUl.spec
2022-05-12 18:15:11.284238 +0000 build-centos1: + '[' 2 -lt 2 ']'
2022-05-12 18:15:11.284244 +0000 build-centos1: + '[' -z qubes-src/app-split-browser ']'
2022-05-12 18:15:11.284255 +0000 build-centos1: + cp qubes-src/app-split-browser/rpm_spec/qubes-split-browser.spec.in qubes-src/app-split-browser/rpm_spec/qubes-split-browser.spec.in.tmp
2022-05-12 18:15:11.284260 +0000 build-centos1: + read -r ver
2022-05-12 18:15:11.284265 +0000 build-centos1: + '[' x = x ']'
2022-05-12 18:15:11.284274 +0000 build-centos1: + sed -i 's|@VERSION@|0.14.1|g' qubes-src/app-split-browser/rpm_spec/qubes-split-browser.spec.in.tmp
2022-05-12 18:15:11.284281 +0000 build-centos1: + vnum=1
2022-05-12 18:15:11.284286 +0000 build-centos1: + read -r ver
2022-05-12 18:15:11.284293 +0000 build-centos1: + '[' -e qubes-src/app-split-browser/rel ']'
2022-05-12 18:15:11.284301 +0000 build-centos1: + grep -q @REL@ qubes-src/app-split-browser/rpm_spec/qubes-split-browser.spec.in.tmp
2022-05-12 18:15:11.284309 +0000 build-centos1: + sed -i -e s:@BACKEND_VMM@:xen:g qubes-src/app-split-browser/rpm_spec/qubes-split-browser.spec.in.tmp
2022-05-12 18:15:11.284320 +0000 build-centos1: + grep -q @CHANGELOG@ qubes-src/app-split-browser/rpm_spec/qubes-split-browser.spec.in.tmp
2022-05-12 18:15:11.284328 +0000 build-centos1: ++ dirname /home/user/builder-r4.1/qubes-src/builder-rpm/scripts/generate-spec
2022-05-12 18:15:11.284340 +0000 build-centos1: + /home/user/builder-r4.1/qubes-src/builder-rpm/scripts/generate-changelog qubes-src/app-split-browser qubes-src/app-split-browser/rpm_spec/qubes-split-browser.spec.in.tmp
2022-05-12 18:15:11.284347 +0000 build-centos1: + cat qubes-src/app-split-browser/rpm_spec/qubes-split-browser.spec.in.tmp
2022-05-12 18:15:11.284355 +0000 build-centos1: + rm -rf qubes-src/app-split-browser/rpm_spec/qubes-split-browser.spec.in.tmp
2022-05-12 18:15:11.284361 +0000 build-centos1: + '[' '%{SOURCE0}' = '%{SOURCE0}' ']'
2022-05-12 18:15:11.284369 +0000 build-centos1: ++ dirname /home/user/builder-r4.1/qubes-src/builder-rpm/scripts/query-spec
2022-05-12 18:15:11.284378 +0000 build-centos1: + /home/user/builder-r4.1/qubes-src/builder-rpm/scripts/../tools/spectool --list-files --source 0 /tmp/tmp.7plSUl.spec
2022-05-12 18:15:11.284384 +0000 build-centos1: + rm -f /tmp/tmp.7plSUl.spec
2022-05-12 18:15:11.284390 +0000 build-centos1: + ERR_OUTPUT=/dev/stderr
2022-05-12 18:15:11.284395 +0000 build-centos1: + '[' 2 -lt 2 ']'
2022-05-12 18:15:11.284403 +0000 build-centos1: ++ basename qubes-src/app-split-browser/rpm_spec/qubes-split-browser.spec.in
2022-05-12 18:15:11.284409 +0000 build-centos1: + [[ xqubes-split-browser.spec.in == \x\.\i\n ]]
2022-05-12 18:15:11.284417 +0000 build-centos1: + '[' -r qubes-src/app-split-browser/rpm_spec/qubes-split-browser.spec.in ']'
2022-05-12 18:15:11.284423 +0000 build-centos1: ++ mktemp --tmpdir tmp.XXXXXX.spec
2022-05-12 18:15:11.284429 +0000 build-centos1: + tmp_spec=/tmp/tmp.QGqj6K.spec
2022-05-12 18:15:11.284436 +0000 build-centos1: ++ dirname /home/user/builder-r4.1/qubes-src/builder-rpm/scripts/query-spec
2022-05-12 18:15:11.284447 +0000 build-centos1: + /home/user/builder-r4.1/qubes-src/builder-rpm/scripts/generate-spec qubes-src/app-split-browser/rpm_spec/qubes-split-browser.spec.in /tmp/tmp.QGqj6K.spec
2022-05-12 18:15:11.284453 +0000 build-centos1: + '[' 2 -lt 2 ']'
2022-05-12 18:15:11.284459 +0000 build-centos1: + '[' -z qubes-src/app-split-browser ']'
2022-05-12 18:15:11.284469 +0000 build-centos1: + cp qubes-src/app-split-browser/rpm_spec/qubes-split-browser.spec.in qubes-src/app-split-browser/rpm_spec/qubes-split-browser.spec.in.tmp
2022-05-12 18:15:11.284474 +0000 build-centos1: + read -r ver
2022-05-12 18:15:11.284480 +0000 build-centos1: + '[' x = x ']'
2022-05-12 18:15:11.284488 +0000 build-centos1: + sed -i 's|@VERSION@|0.14.1|g' qubes-src/app-split-browser/rpm_spec/qubes-split-browser.spec.in.tmp
2022-05-12 18:15:11.284493 +0000 build-centos1: + vnum=1
2022-05-12 18:15:11.284498 +0000 build-centos1: + read -r ver
2022-05-12 18:15:11.284505 +0000 build-centos1: + '[' -e qubes-src/app-split-browser/rel ']'
2022-05-12 18:15:11.284513 +0000 build-centos1: + grep -q @REL@ qubes-src/app-split-browser/rpm_spec/qubes-split-browser.spec.in.tmp
2022-05-12 18:15:11.284521 +0000 build-centos1: + sed -i -e s:@BACKEND_VMM@:xen:g qubes-src/app-split-browser/rpm_spec/qubes-split-browser.spec.in.tmp
2022-05-12 18:15:11.284530 +0000 build-centos1: + grep -q @CHANGELOG@ qubes-src/app-split-browser/rpm_spec/qubes-split-browser.spec.in.tmp
2022-05-12 18:15:11.284538 +0000 build-centos1: ++ dirname /home/user/builder-r4.1/qubes-src/builder-rpm/scripts/generate-spec
2022-05-12 18:15:11.284552 +0000 build-centos1: + /home/user/builder-r4.1/qubes-src/builder-rpm/scripts/generate-changelog qubes-src/app-split-browser qubes-src/app-split-browser/rpm_spec/qubes-split-browser.spec.in.tmp
2022-05-12 18:15:11.284560 +0000 build-centos1: + cat qubes-src/app-split-browser/rpm_spec/qubes-split-browser.spec.in.tmp
2022-05-12 18:15:11.284568 +0000 build-centos1: + rm -rf qubes-src/app-split-browser/rpm_spec/qubes-split-browser.spec.in.tmp
2022-05-12 18:15:11.284574 +0000 build-centos1: + '[' '%{SOURCE0}' = '%{SOURCE0}' ']'
2022-05-12 18:15:11.284582 +0000 build-centos1: ++ dirname /home/user/builder-r4.1/qubes-src/builder-rpm/scripts/query-spec
2022-05-12 18:15:11.284591 +0000 build-centos1: + /home/user/builder-r4.1/qubes-src/builder-rpm/scripts/../tools/spectool --list-files --source 0 /tmp/tmp.QGqj6K.spec
2022-05-12 18:15:11.284597 +0000 build-centos1: + rm -f /tmp/tmp.QGqj6K.spec
2022-05-12 18:15:11.284604 +0000 build-centos1: Makefile.generic:229: target 'update-repo-date-check' does not exist
2022-05-12 18:15:11.284614 +0000 build-centos1: if ! [ -r /home/user/builder-r4.1/repo-latest-snapshot/current-testing-vm-centos-stream8-app-split-browser ]; then \
2022-05-12 18:15:11.284622 +0000 build-centos1: .echo "`tput bold`*** Packages weren't uploaded to current-testing! ***`tput sgr0`"; \
2022-05-12 18:15:11.284627 +0000 build-centos1: .exit 1; \
2022-05-12 18:15:11.284632 +0000 build-centos1: fi
2022-05-12 18:15:11.284637 +0000 build-centos1: + ERR_OUTPUT=/dev/stderr
2022-05-12 18:15:11.284643 +0000 build-centos1: + '[' 2 -lt 2 ']'
2022-05-12 18:15:11.284650 +0000 build-centos1: ++ basename qubes-src/app-split-browser/rpm_spec/qubes-split-browser.spec.in
2022-05-12 18:15:11.284657 +0000 build-centos1: + [[ xqubes-split-browser.spec.in == \x\.\i\n ]]
2022-05-12 18:15:11.284665 +0000 build-centos1: + '[' -r qubes-src/app-split-browser/rpm_spec/qubes-split-browser.spec.in ']'
2022-05-12 18:15:11.284671 +0000 build-centos1: ++ mktemp --tmpdir tmp.XXXXXX.spec
2022-05-12 18:15:11.284676 +0000 build-centos1: + tmp_spec=/tmp/tmp.YLPYMu.spec
2022-05-12 18:15:11.284684 +0000 build-centos1: ++ dirname /home/user/builder-r4.1/qubes-src/builder-rpm/scripts/query-spec
2022-05-12 18:15:11.284695 +0000 build-centos1: + /home/user/builder-r4.1/qubes-src/builder-rpm/scripts/generate-spec qubes-src/app-split-browser/rpm_spec/qubes-split-browser.spec.in /tmp/tmp.YLPYMu.spec
2022-05-12 18:15:11.284700 +0000 build-centos1: + '[' 2 -lt 2 ']'
2022-05-12 18:15:11.284707 +0000 build-centos1: + '[' -z qubes-src/app-split-browser ']'
2022-05-12 18:15:11.284717 +0000 build-centos1: + cp qubes-src/app-split-browser/rpm_spec/qubes-split-browser.spec.in qubes-src/app-split-browser/rpm_spec/qubes-split-browser.spec.in.tmp
2022-05-12 18:15:11.284722 +0000 build-centos1: + read -r ver
2022-05-12 18:15:11.284727 +0000 build-centos1: + '[' x = x ']'
2022-05-12 18:15:11.284736 +0000 build-centos1: + sed -i 's|@VERSION@|0.14.1|g' qubes-src/app-split-browser/rpm_spec/qubes-split-browser.spec.in.tmp
2022-05-12 18:15:11.284741 +0000 build-centos1: + vnum=1
2022-05-12 18:15:11.284746 +0000 build-centos1: + read -r ver
2022-05-12 18:15:11.284752 +0000 build-centos1: + '[' -e qubes-src/app-split-browser/rel ']'
2022-05-12 18:15:11.284760 +0000 build-centos1: + grep -q @REL@ qubes-src/app-split-browser/rpm_spec/qubes-split-browser.spec.in.tmp
2022-05-12 18:15:11.284769 +0000 build-centos1: + sed -i -e s:@BACKEND_VMM@:xen:g qubes-src/app-split-browser/rpm_spec/qubes-split-browser.spec.in.tmp
2022-05-12 18:15:11.284779 +0000 build-centos1: + grep -q @CHANGELOG@ qubes-src/app-split-browser/rpm_spec/qubes-split-browser.spec.in.tmp
2022-05-12 18:15:11.284787 +0000 build-centos1: ++ dirname /home/user/builder-r4.1/qubes-src/builder-rpm/scripts/generate-spec
2022-05-12 18:15:11.284799 +0000 build-centos1: + /home/user/builder-r4.1/qubes-src/builder-rpm/scripts/generate-changelog qubes-src/app-split-browser qubes-src/app-split-browser/rpm_spec/qubes-split-browser.spec.in.tmp
2022-05-12 18:15:11.284810 +0000 build-centos1: + cat qubes-src/app-split-browser/rpm_spec/qubes-split-browser.spec.in.tmp
2022-05-12 18:15:11.284818 +0000 build-centos1: + rm -rf qubes-src/app-split-browser/rpm_spec/qubes-split-browser.spec.in.tmp
2022-05-12 18:15:11.284824 +0000 build-centos1: + '[' '%{SOURCE0}' = '%{SOURCE0}' ']'
2022-05-12 18:15:11.284832 +0000 build-centos1: ++ dirname /home/user/builder-r4.1/qubes-src/builder-rpm/scripts/query-spec
2022-05-12 18:15:11.284841 +0000 build-centos1: + /home/user/builder-r4.1/qubes-src/builder-rpm/scripts/../tools/spectool --list-files --source 0 /tmp/tmp.YLPYMu.spec
2022-05-12 18:15:11.284847 +0000 build-centos1: + rm -f /tmp/tmp.YLPYMu.spec
2022-05-12 18:15:11.284854 +0000 build-centos1: touch -t `date -d "5 days ago" +%Y%m%d%H%M` /tmp/age-compare-file
2022-05-12 18:15:11.284865 +0000 build-centos1: if ! [ /home/user/builder-r4.1/repo-latest-snapshot/current-testing-vm-centos-stream8-app-split-browser -ot /tmp/age-compare-file ]; then \
2022-05-12 18:15:11.284874 +0000 build-centos1: .echo "`tput bold`*** Packages weren't in current-testing for at least 5 days! ***`tput sgr0`"; \
2022-05-12 18:15:11.284879 +0000 build-centos1: .exit 1; \
2022-05-12 18:15:11.284883 +0000 build-centos1: fi
2022-05-12 18:15:11.284889 +0000 build-centos1: rm -f /tmp/age-compare-file
2022-05-12 18:15:11.284899 +0000 build-centos1: /home/user/builder-r4.1/qubes-src/builder-rpm/Makefile.rpmbuilder:195: target 'update-repo-from-snapshot-do' does not exist
2022-05-12 18:15:11.284917 +0000 build-centos1: for f in pkgs/vm-centos-stream8/qubes-split-browser-0.14.0-1.el8.noarch.rpm pkgs/vm-centos-stream8/qubes-split-browser-0.14.0-1.el8.src.rpm pkgs/vm-centos-stream8/qubes-split-browser-disp-0.14.0-1.el8.noarch.rpm pkgs/vm-centos-stream8/qubes-split-browser-0.14.0-1.el8.x86_64.buildinfo; do \
2022-05-12 18:15:11.284931 +0000 build-centos1: .ln -f /home/user/builder-r4.1/qubes-src/linux-yum/r4.1/current-testing/vm/centos-stream8/rpm/`basename $f` /home/user/builder-r4.1/qubes-src/linux-yum/r4.1/current/vm/centos-stream8/rpm/ || exit 1; \
2022-05-12 18:15:11.284935 +0000 build-centos1: done
2022-05-12 18:15:11.284941 +0000 build-centos1: + ERR_OUTPUT=/dev/stderr
2022-05-12 18:15:11.284953 +0000 build-centos1: + '[' 2 -lt 2 ']'
2022-05-12 18:15:11.284962 +0000 build-centos1: ++ basename qubes-src/app-split-browser/rpm_spec/qubes-split-browser.spec.in
2022-05-12 18:15:11.284968 +0000 build-centos1: + [[ xqubes-split-browser.spec.in == \x\.\i\n ]]
2022-05-12 18:15:11.284976 +0000 build-centos1: + '[' -r qubes-src/app-split-browser/rpm_spec/qubes-split-browser.spec.in ']'
2022-05-12 18:15:11.284982 +0000 build-centos1: ++ mktemp --tmpdir tmp.XXXXXX.spec
2022-05-12 18:15:11.284988 +0000 build-centos1: + tmp_spec=/tmp/tmp.kKfopL.spec
2022-05-12 18:15:11.284996 +0000 build-centos1: ++ dirname /home/user/builder-r4.1/qubes-src/builder-rpm/scripts/query-spec
2022-05-12 18:15:11.285007 +0000 build-centos1: + /home/user/builder-r4.1/qubes-src/builder-rpm/scripts/generate-spec qubes-src/app-split-browser/rpm_spec/qubes-split-browser.spec.in /tmp/tmp.kKfopL.spec
2022-05-12 18:15:11.285012 +0000 build-centos1: + '[' 2 -lt 2 ']'
2022-05-12 18:15:11.285018 +0000 build-centos1: + '[' -z qubes-src/app-split-browser ']'
2022-05-12 18:15:11.285029 +0000 build-centos1: + cp qubes-src/app-split-browser/rpm_spec/qubes-split-browser.spec.in qubes-src/app-split-browser/rpm_spec/qubes-split-browser.spec.in.tmp
2022-05-12 18:15:11.285034 +0000 build-centos1: + read -r ver
2022-05-12 18:15:11.285039 +0000 build-centos1: + '[' x = x ']'
2022-05-12 18:15:11.285048 +0000 build-centos1: + sed -i 's|@VERSION@|0.14.1|g' qubes-src/app-split-browser/rpm_spec/qubes-split-browser.spec.in.tmp
2022-05-12 18:15:11.285053 +0000 build-centos1: + vnum=1
2022-05-12 18:15:11.285058 +0000 build-centos1: + read -r ver
2022-05-12 18:15:11.285064 +0000 build-centos1: + '[' -e qubes-src/app-split-browser/rel ']'
2022-05-12 18:15:11.285075 +0000 build-centos1: + grep -q @REL@ qubes-src/app-split-browser/rpm_spec/qubes-split-browser.spec.in.tmp
2022-05-12 18:15:11.285084 +0000 build-centos1: + sed -i -e s:@BACKEND_VMM@:xen:g qubes-src/app-split-browser/rpm_spec/qubes-split-browser.spec.in.tmp
2022-05-12 18:15:11.285092 +0000 build-centos1: + grep -q @CHANGELOG@ qubes-src/app-split-browser/rpm_spec/qubes-split-browser.spec.in.tmp
2022-05-12 18:15:11.285100 +0000 build-centos1: ++ dirname /home/user/builder-r4.1/qubes-src/builder-rpm/scripts/generate-spec
2022-05-12 18:15:11.285112 +0000 build-centos1: + /home/user/builder-r4.1/qubes-src/builder-rpm/scripts/generate-changelog qubes-src/app-split-browser qubes-src/app-split-browser/rpm_spec/qubes-split-browser.spec.in.tmp
2022-05-12 18:15:11.285120 +0000 build-centos1: + cat qubes-src/app-split-browser/rpm_spec/qubes-split-browser.spec.in.tmp
2022-05-12 18:15:11.285127 +0000 build-centos1: + rm -rf qubes-src/app-split-browser/rpm_spec/qubes-split-browser.spec.in.tmp
2022-05-12 18:15:11.285133 +0000 build-centos1: + '[' '%{SOURCE0}' = '%{SOURCE0}' ']'
2022-05-12 18:15:11.285141 +0000 build-centos1: ++ dirname /home/user/builder-r4.1/qubes-src/builder-rpm/scripts/query-spec
2022-05-12 18:15:11.285151 +0000 build-centos1: + /home/user/builder-r4.1/qubes-src/builder-rpm/scripts/../tools/spectool --list-files --source 0 /tmp/tmp.kKfopL.spec
2022-05-12 18:15:11.285156 +0000 build-centos1: + rm -f /tmp/tmp.kKfopL.spec
2022-05-12 18:15:11.285165 +0000 build-centos1: /home/user/builder-r4.1/qubes-src/builder-github//Makefile.github:18: target 'notify-github' does not exist
2022-05-12 18:15:11.285175 +0000 build-centos1: [ -z "qubes-split-browser-0.14.0-1.el8" ] || /home/user/builder-r4.1/qubes-src/builder-github//notify-issues \
2022-05-12 18:15:11.285180 +0000 build-centos1: .--build-log="" \
2022-05-12 18:15:11.285185 +0000 build-centos1: .upload \
2022-05-12 18:15:11.285190 +0000 build-centos1: ."r4.1" \
2022-05-12 18:15:11.285195 +0000 build-centos1: ."qubes-src/app-split-browser" \
2022-05-12 18:15:11.285201 +0000 build-centos1: ."qubes-split-browser-0.14.0-1.el8" \
2022-05-12 18:15:11.285207 +0000 build-centos1: ."centos-stream8" \
2022-05-12 18:15:11.285212 +0000 build-centos1: ."vm" \
2022-05-12 18:15:11.285217 +0000 build-centos1: ."current" \
2022-05-12 18:15:11.285225 +0000 build-centos1: ."/home/user/github-notify-state/r4.1-app-split-browser-vm-centos-stream8-current" \
2022-05-12 18:15:11.285233 +0000 build-centos1: ."/home/user/github-notify-state/r4.1-app-split-browser-vm-centos-stream8-current"
2022-05-12 18:15:11.285240 +0000 build-centos1: + ERR_OUTPUT=/dev/stderr
2022-05-12 18:15:11.285245 +0000 build-centos1: + '[' 2 -lt 2 ']'
2022-05-12 18:15:11.285253 +0000 build-centos1: ++ basename qubes-src/app-split-browser/rpm_spec/qubes-split-browser.spec.in
2022-05-12 18:15:11.285260 +0000 build-centos1: + [[ xqubes-split-browser.spec.in == \x\.\i\n ]]
2022-05-12 18:15:11.285267 +0000 build-centos1: + '[' -r qubes-src/app-split-browser/rpm_spec/qubes-split-browser.spec.in ']'
2022-05-12 18:15:11.285273 +0000 build-centos1: ++ mktemp --tmpdir tmp.XXXXXX.spec
2022-05-12 18:15:11.285279 +0000 build-centos1: + tmp_spec=/tmp/tmp.ri8mmY.spec
2022-05-12 18:15:11.285287 +0000 build-centos1: ++ dirname /home/user/builder-r4.1/qubes-src/builder-rpm/scripts/query-spec
2022-05-12 18:15:11.285298 +0000 build-centos1: + /home/user/builder-r4.1/qubes-src/builder-rpm/scripts/generate-spec qubes-src/app-split-browser/rpm_spec/qubes-split-browser.spec.in /tmp/tmp.ri8mmY.spec
2022-05-12 18:15:11.285303 +0000 build-centos1: + '[' 2 -lt 2 ']'
2022-05-12 18:15:11.285309 +0000 build-centos1: + '[' -z qubes-src/app-split-browser ']'
2022-05-12 18:15:11.285320 +0000 build-centos1: + cp qubes-src/app-split-browser/rpm_spec/qubes-split-browser.spec.in qubes-src/app-split-browser/rpm_spec/qubes-split-browser.spec.in.tmp
2022-05-12 18:15:11.285325 +0000 build-centos1: + read -r ver
2022-05-12 18:15:11.285330 +0000 build-centos1: + '[' x = x ']'
2022-05-12 18:15:11.285341 +0000 build-centos1: + sed -i 's|@VERSION@|0.14.1|g' qubes-src/app-split-browser/rpm_spec/qubes-split-browser.spec.in.tmp
2022-05-12 18:15:11.285346 +0000 build-centos1: + vnum=1
2022-05-12 18:15:11.285351 +0000 build-centos1: + read -r ver
2022-05-12 18:15:11.285358 +0000 build-centos1: + '[' -e qubes-src/app-split-browser/rel ']'
2022-05-12 18:15:11.285366 +0000 build-centos1: + grep -q @REL@ qubes-src/app-split-browser/rpm_spec/qubes-split-browser.spec.in.tmp
2022-05-12 18:15:11.285375 +0000 build-centos1: + sed -i -e s:@BACKEND_VMM@:xen:g qubes-src/app-split-browser/rpm_spec/qubes-split-browser.spec.in.tmp
2022-05-12 18:15:11.285383 +0000 build-centos1: + grep -q @CHANGELOG@ qubes-src/app-split-browser/rpm_spec/qubes-split-browser.spec.in.tmp
2022-05-12 18:15:11.285391 +0000 build-centos1: ++ dirname /home/user/builder-r4.1/qubes-src/builder-rpm/scripts/generate-spec
2022-05-12 18:15:11.285402 +0000 build-centos1: + /home/user/builder-r4.1/qubes-src/builder-rpm/scripts/generate-changelog qubes-src/app-split-browser qubes-src/app-split-browser/rpm_spec/qubes-split-browser.spec.in.tmp
2022-05-12 18:15:11.285410 +0000 build-centos1: + cat qubes-src/app-split-browser/rpm_spec/qubes-split-browser.spec.in.tmp
2022-05-12 18:15:11.285418 +0000 build-centos1: + rm -rf qubes-src/app-split-browser/rpm_spec/qubes-split-browser.spec.in.tmp
2022-05-12 18:15:11.285427 +0000 build-centos1: + '[' '%{SOURCE0}' = '%{SOURCE0}' ']'
2022-05-12 18:15:11.285434 +0000 build-centos1: ++ dirname /home/user/builder-r4.1/qubes-src/builder-rpm/scripts/query-spec
2022-05-12 18:15:11.285444 +0000 build-centos1: + /home/user/builder-r4.1/qubes-src/builder-rpm/scripts/../tools/spectool --list-files --source 0 /tmp/tmp.ri8mmY.spec
2022-05-12 18:15:11.285449 +0000 build-centos1: + rm -f /tmp/tmp.ri8mmY.spec
2022-05-12 18:15:11.285455 +0000 build-centos1: Traceback (most recent call last):
2022-05-12 18:15:11.285464 +0000 build-centos1:   File "/usr/lib/python3.10/site-packages/urllib3/connection.py", line 174, in _new_conn
2022-05-12 18:15:11.285470 +0000 build-centos1:     conn = connection.create_connection(
2022-05-12 18:15:11.285479 +0000 build-centos1:   File "/usr/lib/python3.10/site-packages/urllib3/util/connection.py", line 73, in create_connection
2022-05-12 18:15:11.285486 +0000 build-centos1:     for res in socket.getaddrinfo(host, port, family, socket.SOCK_STREAM):
2022-05-12 18:15:11.285494 +0000 build-centos1:   File "/usr/lib64/python3.10/socket.py", line 955, in getaddrinfo
2022-05-12 18:15:11.285501 +0000 build-centos1:     for res in _socket.getaddrinfo(host, port, family, type, proto, flags):
2022-05-12 18:15:11.285509 +0000 build-centos1: socket.gaierror: [Errno -3] Temporary failure in name resolution
2022-05-12 18:15:11.285513 +0000 build-centos1: 
2022-05-12 18:15:11.285521 +0000 build-centos1: During handling of the above exception, another exception occurred:
2022-05-12 18:15:11.285525 +0000 build-centos1: 
2022-05-12 18:15:11.285531 +0000 build-centos1: Traceback (most recent call last):
2022-05-12 18:15:11.285540 +0000 build-centos1:   File "/usr/lib/python3.10/site-packages/urllib3/connectionpool.py", line 699, in urlopen
2022-05-12 18:15:11.285546 +0000 build-centos1:     httplib_response = self._make_request(
2022-05-12 18:15:11.285555 +0000 build-centos1:   File "/usr/lib/python3.10/site-packages/urllib3/connectionpool.py", line 382, in _make_request
2022-05-12 18:15:11.285561 +0000 build-centos1:     self._validate_conn(conn)
2022-05-12 18:15:11.285569 +0000 build-centos1:   File "/usr/lib/python3.10/site-packages/urllib3/connectionpool.py", line 1010, in _validate_conn
2022-05-12 18:15:11.285575 +0000 build-centos1:     conn.connect()
2022-05-12 18:15:11.285583 +0000 build-centos1:   File "/usr/lib/python3.10/site-packages/urllib3/connection.py", line 358, in connect
2022-05-12 18:15:11.285589 +0000 build-centos1:     conn = self._new_conn()
2022-05-12 18:15:11.285597 +0000 build-centos1:   File "/usr/lib/python3.10/site-packages/urllib3/connection.py", line 186, in _new_conn
2022-05-12 18:15:11.285605 +0000 build-centos1:     raise NewConnectionError(
2022-05-12 18:15:11.285618 +0000 build-centos1: urllib3.exceptions.NewConnectionError: <urllib3.connection.HTTPSConnection object at 0x7d8d72184490>: Failed to establish a new connection: [Errno -3] Temporary failure in name resolution
2022-05-12 18:15:11.285623 +0000 build-centos1: 
2022-05-12 18:15:11.285630 +0000 build-centos1: During handling of the above exception, another exception occurred:
2022-05-12 18:15:11.285634 +0000 build-centos1: 
2022-05-12 18:15:11.285640 +0000 build-centos1: Traceback (most recent call last):
2022-05-12 18:15:11.285648 +0000 build-centos1:   File "/usr/lib/python3.10/site-packages/requests/adapters.py", line 440, in send
2022-05-12 18:15:11.285654 +0000 build-centos1:     resp = conn.urlopen(
2022-05-12 18:15:11.285662 +0000 build-centos1:   File "/usr/lib/python3.10/site-packages/urllib3/connectionpool.py", line 755, in urlopen
2022-05-12 18:15:11.285668 +0000 build-centos1:     retries = retries.increment(
2022-05-12 18:15:11.285677 +0000 build-centos1:   File "/usr/lib/python3.10/site-packages/urllib3/util/retry.py", line 574, in increment
2022-05-12 18:15:11.285684 +0000 build-centos1:     raise MaxRetryError(_pool, url, error or ResponseError(cause))
2022-05-12 18:15:11.285717 +0000 build-centos1: urllib3.exceptions.MaxRetryError: HTTPSConnectionPool(host='api.github.com', port=443): Max retries exceeded with url: /search/issues?q=repo:QubesOS-contrib/updates-status+%22app-split-browser%20v0.14.1%20(r4.1)%22&sort=created (Caused by NewConnectionError('<urllib3.connection.HTTPSConnection object at 0x7d8d72184490>: Failed to establish a new connection: [Errno -3] Temporary failure in name resolution'))
2022-05-12 18:15:11.285722 +0000 build-centos1: 
2022-05-12 18:15:11.285730 +0000 build-centos1: During handling of the above exception, another exception occurred:
2022-05-12 18:15:11.285734 +0000 build-centos1: 
2022-05-12 18:15:11.285740 +0000 build-centos1: Traceback (most recent call last):
2022-05-12 18:15:11.285748 +0000 build-centos1:   File "/home/user/builder-r4.1/qubes-src/builder-github//notify-issues", line 532, in <module>
2022-05-12 18:15:11.285753 +0000 build-centos1:     main()
2022-05-12 18:15:11.285762 +0000 build-centos1:   File "/home/user/builder-r4.1/qubes-src/builder-github//notify-issues", line 527, in main
2022-05-12 18:15:11.285769 +0000 build-centos1:     notify_build_report(args, dist_label, repo_type, current_commit,
2022-05-12 18:15:11.285778 +0000 build-centos1:   File "/home/user/builder-r4.1/qubes-src/builder-github//notify-issues", line 392, in notify_build_report
2022-05-12 18:15:11.285785 +0000 build-centos1:     report_issue_no = search_or_create_issue(
2022-05-12 18:15:11.285794 +0000 build-centos1:   File "/home/user/builder-r4.1/qubes-src/builder-github//notify-issues", line 128, in search_or_create_issue
2022-05-12 18:15:11.285801 +0000 build-centos1:     resp = requests.get(search_url, headers=auth_headers)
2022-05-12 18:15:11.285809 +0000 build-centos1:   File "/usr/lib/python3.10/site-packages/requests/api.py", line 75, in get
2022-05-12 18:15:11.285816 +0000 build-centos1:     return request('get', url, params=params, **kwargs)
2022-05-12 18:15:11.285824 +0000 build-centos1:   File "/usr/lib/python3.10/site-packages/requests/api.py", line 61, in request
2022-05-12 18:15:11.285831 +0000 build-centos1:     return session.request(method=method, url=url, **kwargs)
2022-05-12 18:15:11.285839 +0000 build-centos1:   File "/usr/lib/python3.10/site-packages/requests/sessions.py", line 529, in request
2022-05-12 18:15:11.285845 +0000 build-centos1:     resp = self.send(prep, **send_kwargs)
2022-05-12 18:15:11.285853 +0000 build-centos1:   File "/usr/lib/python3.10/site-packages/requests/sessions.py", line 645, in send
2022-05-12 18:15:11.285859 +0000 build-centos1:     r = adapter.send(request, **kwargs)
2022-05-12 18:15:11.285867 +0000 build-centos1:   File "/usr/lib/python3.10/site-packages/requests/adapters.py", line 519, in send
2022-05-12 18:15:11.285877 +0000 build-centos1:     raise ConnectionError(e, request=request)
2022-05-12 18:15:11.285902 +0000 build-centos1: requests.exceptions.ConnectionError: HTTPSConnectionPool(host='api.github.com', port=443): Max retries exceeded with url: /search/issues?q=repo:QubesOS-contrib/updates-status+%22app-split-browser%20v0.14.1%20(r4.1)%22&sort=created (Caused by NewConnectionError('<urllib3.connection.HTTPSConnection object at 0x7d8d72184490>: Failed to establish a new connection: [Errno -3] Temporary failure in name resolution'))
2022-05-12 18:15:11.285911 +0000 build-centos1: make[1]: *** [/home/user/builder-r4.1/qubes-src/builder-github//Makefile.github:18: notify-github] Error 1
2022-05-12 18:15:11.285920 +0000 build-centos1: make: *** [Makefile:863: internal-update-repo-current.vm.centos-stream8.app-split-browser] Error 1
2022-05-12 18:15:11.285925 +0000 > closing log
