2024-06-16 12:57:15.937060 +0000 > starting log
2024-06-16 12:57:15.937271 +0000 build-r42-fedora2: > starting build with log
2024-06-16 12:57:15.937290 +0000 build-r42-fedora2: >> args:
2024-06-16 12:57:15.937308 +0000 build-r42-fedora2: >>   ()
2024-06-16 12:57:15.937315 +0000 build-r42-fedora2: >> component:
2024-06-16 12:57:15.937329 +0000 build-r42-fedora2: >>   app-split-browser
2024-06-16 12:57:15.937335 +0000 build-r42-fedora2: >>     commit-hash: 7d2f717bf8647eaa1a4c551c9bd8326a71abe48c
2024-06-16 12:57:15.937346 +0000 build-r42-fedora2: >>     source-hash: 0049644f68f7456db29ef362d985dd9739ef0c24b94ba0f56db48cd629b515961ef38af6a5a695f09aa32c8f5323d7cecce14309b5cf8029a1046cfec14af1a6
2024-06-16 12:57:15.937352 +0000 build-r42-fedora2: >> distributions:
2024-06-16 12:57:15.937359 +0000 build-r42-fedora2: >>   [<QubesDistribution vm-fedora-38.x86_64>, <QubesDistribution vm-fedora-39.x86_64>, <QubesDistribution vm-fedora-40.x86_64>]
2024-06-16 12:57:15.937366 +0000 build-r42-fedora2: app-split-browser:vm-fedora-38.x86_64: Source hash is the same than already prepared source. Skipping.
2024-06-16 12:57:15.937372 +0000 build-r42-fedora2: app-split-browser:vm-fedora-38.x86_64: Source hash is the same than already built source. Skipping.
2024-06-16 12:57:15.937388 +0000 build-r42-fedora2: Executing 'bash -c mkdir -p /home/user/builder-r4.2/rpmdb/04A8F986B97FBCB838F08C305FE4986AD0941E87&&qubes-gpg-client-wrapper --armor --export 04A8F986B97FBCB838F08C305FE4986AD0941E87 > /tmp/tmpcdys2dqt/04A8F986B97FBCB838F08C305FE4986AD0941E87.asc&&rpmkeys --dbpath=/home/user/builder-r4.2/rpmdb/04A8F986B97FBCB838F08C305FE4986AD0941E87 --import /tmp/tmpcdys2dqt/04A8F986B97FBCB838F08C305FE4986AD0941E87.asc'.
2024-06-16 12:57:15.988117 +0000 build-r42-fedora2: app-split-browser:vm-fedora-38.x86_64: Cleaning local repository '/home/user/builder-r4.2/repository/vm-fc38'.
2024-06-16 12:57:15.989648 +0000 build-r42-fedora2: app-split-browser:vm-fedora-38.x86_64:rpm_spec/qubes-split-browser.spec: Signing 'qubes-split-browser-0.16.4-1.fc38.noarch.rpm'.
2024-06-16 12:57:15.989708 +0000 build-r42-fedora2: Executing 'bash -c /home/user/qubes-builderv2/qubesbuilder/plugins/sign_rpm/scripts/sign-rpm --sign-key 04A8F986B97FBCB838F08C305FE4986AD0941E87 --db-path /home/user/builder-r4.2/rpmdb/04A8F986B97FBCB838F08C305FE4986AD0941E87 --rpm /home/user/builder-r4.2/components/app-split-browser/0.16.4-1/vm-fc38/build/rpm/qubes-split-browser-0.16.4-1.fc38.noarch.rpm'.
2024-06-16 12:57:16.024193 +0000 build-r42-fedora2: output: warning: Could not set GPG_TTY to stdin: Inappropriate ioctl for device
2024-06-16 12:57:16.108792 +0000 build-r42-fedora2: output: warning: Could not set GPG_TTY to stdin: Inappropriate ioctl for device
2024-06-16 12:57:16.220962 +0000 build-r42-fedora2: output: /home/user/builder-r4.2/components/app-split-browser/0.16.4-1/vm-fc38/build/rpm/qubes-split-browser-0.16.4-1.fc38.noarch.rpm:
2024-06-16 12:57:16.241594 +0000 build-r42-fedora2: app-split-browser:vm-fedora-38.x86_64:rpm_spec/qubes-split-browser.spec: Signing 'qubes-split-browser-disp-0.16.4-1.fc38.noarch.rpm'.
2024-06-16 12:57:16.241665 +0000 build-r42-fedora2: Executing 'bash -c /home/user/qubes-builderv2/qubesbuilder/plugins/sign_rpm/scripts/sign-rpm --sign-key 04A8F986B97FBCB838F08C305FE4986AD0941E87 --db-path /home/user/builder-r4.2/rpmdb/04A8F986B97FBCB838F08C305FE4986AD0941E87 --rpm /home/user/builder-r4.2/components/app-split-browser/0.16.4-1/vm-fc38/build/rpm/qubes-split-browser-disp-0.16.4-1.fc38.noarch.rpm'.
2024-06-16 12:57:16.273576 +0000 build-r42-fedora2: output: warning: Could not set GPG_TTY to stdin: Inappropriate ioctl for device
2024-06-16 12:57:16.385945 +0000 build-r42-fedora2: output: warning: Could not set GPG_TTY to stdin: Inappropriate ioctl for device
2024-06-16 12:57:16.493838 +0000 build-r42-fedora2: output: /home/user/builder-r4.2/components/app-split-browser/0.16.4-1/vm-fc38/build/rpm/qubes-split-browser-disp-0.16.4-1.fc38.noarch.rpm:
2024-06-16 12:57:16.514429 +0000 build-r42-fedora2: app-split-browser:vm-fedora-38.x86_64:rpm_spec/qubes-split-browser.spec: Signing 'qubes-split-browser-0.16.4-1.fc38.src.rpm'.
2024-06-16 12:57:16.514540 +0000 build-r42-fedora2: Executing 'bash -c /home/user/qubes-builderv2/qubesbuilder/plugins/sign_rpm/scripts/sign-rpm --sign-key 04A8F986B97FBCB838F08C305FE4986AD0941E87 --db-path /home/user/builder-r4.2/rpmdb/04A8F986B97FBCB838F08C305FE4986AD0941E87 --rpm /home/user/builder-r4.2/components/app-split-browser/0.16.4-1/vm-fc38/prep/qubes-split-browser-0.16.4-1.fc38.src.rpm'.
2024-06-16 12:57:16.546517 +0000 build-r42-fedora2: output: warning: Could not set GPG_TTY to stdin: Inappropriate ioctl for device
2024-06-16 12:57:16.657414 +0000 build-r42-fedora2: output: warning: Could not set GPG_TTY to stdin: Inappropriate ioctl for device
2024-06-16 12:57:16.768847 +0000 build-r42-fedora2: output: /home/user/builder-r4.2/components/app-split-browser/0.16.4-1/vm-fc38/prep/qubes-split-browser-0.16.4-1.fc38.src.rpm:
2024-06-16 12:57:16.789750 +0000 build-r42-fedora2: app-split-browser:vm-fedora-38.x86_64:rpm_spec/qubes-split-browser.spec: Signing 'qubes-split-browser-0.16.4-1.fc38.x86_64.buildinfo'.
2024-06-16 12:57:16.789902 +0000 build-r42-fedora2: Executing 'bash -c /home/user/qubes-builderv2/qubesbuilder/plugins/sign_rpm/scripts/update-rpmbuildinfo /home/user/builder-r4.2/components/app-split-browser/0.16.4-1/vm-fc38/build/rpm/qubes-split-browser-0.16.4-1.fc38.x86_64.buildinfo qubes-gpg-client-wrapper 04A8F986B97FBCB838F08C305FE4986AD0941E87'.
2024-06-16 12:57:16.935411 +0000 build-r42-fedora2: app-split-browser:vm-fedora-38.x86_64:rpm_spec/qubes-split-browser.spec: Provisioning local repository '/home/user/builder-r4.2/repository/vm-fc38'.
2024-06-16 12:57:16.944169 +0000 build-r42-fedora2: Cannot find /home/user/builder-r4.2/sources/qubes-release/comps/comps-vm.xml. Have you added qubes-release to components?
2024-06-16 12:57:16.944578 +0000 build-r42-fedora2: Executing 'bash -c /home/user/qubes-builderv2/qubesbuilder/plugins/publish_rpm/scripts/create-skeleton r4.2 vm fc38 /home/user/builder-r4.2/repository-publish/rpm /home/user/builder-r4.2/sources/qubes-release/comps/comps-vm.xml'.
2024-06-16 12:57:16.993539 +0000 build-r42-fedora2: app-split-browser:vm-fedora-38.x86_64:rpm_spec/qubes-split-browser.spec: Publishing RPMs to 'current-testing'.
2024-06-16 12:57:16.993805 +0000 build-r42-fedora2: app-split-browser:vm-fedora-38.x86_64:rpm_spec/qubes-split-browser.spec: Verifying signatures.
2024-06-16 12:57:16.994038 +0000 build-r42-fedora2: Executing 'bash -c /home/user/qubes-builderv2/qubesbuilder/plugins/sign_rpm/scripts/sign-rpm --sign-key 04A8F986B97FBCB838F08C305FE4986AD0941E87 --db-path /home/user/builder-r4.2/rpmdb/04A8F986B97FBCB838F08C305FE4986AD0941E87 --rpm /home/user/builder-r4.2/components/app-split-browser/0.16.4-1/vm-fc38/build/rpm/qubes-split-browser-0.16.4-1.fc38.noarch.rpm --check-only'.
2024-06-16 12:57:17.032414 +0000 build-r42-fedora2: Executing 'bash -c /home/user/qubes-builderv2/qubesbuilder/plugins/sign_rpm/scripts/sign-rpm --sign-key 04A8F986B97FBCB838F08C305FE4986AD0941E87 --db-path /home/user/builder-r4.2/rpmdb/04A8F986B97FBCB838F08C305FE4986AD0941E87 --rpm /home/user/builder-r4.2/components/app-split-browser/0.16.4-1/vm-fc38/build/rpm/qubes-split-browser-disp-0.16.4-1.fc38.noarch.rpm --check-only'.
2024-06-16 12:57:17.070680 +0000 build-r42-fedora2: Executing 'bash -c /home/user/qubes-builderv2/qubesbuilder/plugins/sign_rpm/scripts/sign-rpm --sign-key 04A8F986B97FBCB838F08C305FE4986AD0941E87 --db-path /home/user/builder-r4.2/rpmdb/04A8F986B97FBCB838F08C305FE4986AD0941E87 --rpm /home/user/builder-r4.2/components/app-split-browser/0.16.4-1/vm-fc38/prep/qubes-split-browser-0.16.4-1.fc38.src.rpm --check-only'.
2024-06-16 12:57:17.109205 +0000 build-r42-fedora2: app-split-browser:vm-fedora-38.x86_64: Updating metadata.
2024-06-16 12:57:17.109901 +0000 build-r42-fedora2: Executing 'bash -c cd /home/user/builder-r4.2/repository-publish/rpm/r4.2/current-testing/vm/fc38&&createrepo_c .'.
2024-06-16 12:57:17.191324 +0000 build-r42-fedora2: output: Directory walk started
2024-06-16 12:57:17.191448 +0000 build-r42-fedora2: output: Directory walk done - 16 packages
2024-06-16 12:57:17.191468 +0000 build-r42-fedora2: output: Temporary output repo path: ./.repodata/
2024-06-16 12:57:17.191485 +0000 build-r42-fedora2: output: Pool started (with 5 workers)
2024-06-16 12:57:17.191496 +0000 build-r42-fedora2: output: Pool finished
2024-06-16 12:57:17.212595 +0000 build-r42-fedora2: app-split-browser:vm-fedora-38.x86_64: Signing metadata.
2024-06-16 12:57:17.212697 +0000 build-r42-fedora2: Executing 'bash -c qubes-gpg-client-wrapper --batch --no-tty --yes --detach-sign --armor -u 04A8F986B97FBCB838F08C305FE4986AD0941E87 /home/user/builder-r4.2/repository-publish/rpm/r4.2/current-testing/vm/fc38/repodata/repomd.xml > /home/user/builder-r4.2/repository-publish/rpm/r4.2/current-testing/vm/fc38/repodata/repomd.xml.asc'.
2024-06-16 12:57:17.351276 +0000 build-r42-fedora2: Creating metalink for /home/user/builder-r4.2/repository-publish/rpm/r4.2/current-testing/vm/fc38/repodata/repomd.xml.
2024-06-16 12:57:17.351391 +0000 build-r42-fedora2: Executing 'bash -c mkmetalink -b /home/user/builder-r4.2/repository-publish/rpm -- /home/user/qubes-builderv2/qubesbuilder/plugins/publish_rpm/mirrors.list /home/user/builder-r4.2/repository-publish/rpm/r4.2/current-testing/vm/fc38/repodata/repomd.xml > /home/user/builder-r4.2/repository-publish/rpm/r4.2/current-testing/vm/fc38/repodata/repomd.xml.metalink'.
2024-06-16 12:57:17.453178 +0000 build-r42-fedora2: output: Traceback (most recent call last):
2024-06-16 12:57:17.453221 +0000 build-r42-fedora2: output:   File "/usr/lib64/python3.12/importlib/metadata/__init__.py", line 397, in from_name
2024-06-16 12:57:17.453239 +0000 build-r42-fedora2: output:     return next(cls.discover(name=name))
2024-06-16 12:57:17.453252 +0000 build-r42-fedora2: output:            ^^^^^^^^^^^^^^^^^^^^^^^^^^^^^
2024-06-16 12:57:17.453265 +0000 build-r42-fedora2: output: StopIteration
2024-06-16 12:57:17.453276 +0000 build-r42-fedora2: output: 
2024-06-16 12:57:17.453290 +0000 build-r42-fedora2: output: During handling of the above exception, another exception occurred:
2024-06-16 12:57:17.453334 +0000 build-r42-fedora2: output: 
2024-06-16 12:57:17.453349 +0000 build-r42-fedora2: output: Traceback (most recent call last):
2024-06-16 12:57:17.453362 +0000 build-r42-fedora2: output:   File "/home/user/.local/bin/mkmetalink", line 33, in <module>
2024-06-16 12:57:17.453389 +0000 build-r42-fedora2: output:     sys.exit(load_entry_point('qubesmirror==2.0', 'console_scripts', 'mkmetalink')())
2024-06-16 12:57:17.453404 +0000 build-r42-fedora2: output:              ^^^^^^^^^^^^^^^^^^^^^^^^^^^^^^^^^^^^^^^^^^^^^^^^^^^^^^^^^^^^^^^^^^^^^
2024-06-16 12:57:17.453417 +0000 build-r42-fedora2: output:   File "/home/user/.local/bin/mkmetalink", line 22, in importlib_load_entry_point
2024-06-16 12:57:17.453430 +0000 build-r42-fedora2: output:     for entry_point in distribution(dist_name).entry_points
2024-06-16 12:57:17.453442 +0000 build-r42-fedora2: output:                        ^^^^^^^^^^^^^^^^^^^^^^^
2024-06-16 12:57:17.453456 +0000 build-r42-fedora2: output:   File "/usr/lib64/python3.12/importlib/metadata/__init__.py", line 862, in distribution
2024-06-16 12:57:17.453469 +0000 build-r42-fedora2: output:     return Distribution.from_name(distribution_name)
2024-06-16 12:57:17.453481 +0000 build-r42-fedora2: output:            ^^^^^^^^^^^^^^^^^^^^^^^^^^^^^^^^^^^^^^^^^
2024-06-16 12:57:17.453494 +0000 build-r42-fedora2: output:   File "/usr/lib64/python3.12/importlib/metadata/__init__.py", line 399, in from_name
2024-06-16 12:57:17.453506 +0000 build-r42-fedora2: output:     raise PackageNotFoundError(name)
2024-06-16 12:57:17.453519 +0000 build-r42-fedora2: output: importlib.metadata.PackageNotFoundError: No package metadata was found for qubesmirror
2024-06-16 12:57:17.488166 +0000 build-r42-fedora2: app-split-browser:vm-fedora-38.x86_64: Failed to create metalink for '/home/user/builder-r4.2/repository-publish/rpm/r4.2/current-testing/vm/fc38/repodata/repomd.xml': Failed to run '['bash', '-c', 'mkmetalink -b /home/user/builder-r4.2/repository-publish/rpm -- /home/user/qubes-builderv2/qubesbuilder/plugins/publish_rpm/mirrors.list /home/user/builder-r4.2/repository-publish/rpm/r4.2/current-testing/vm/fc38/repodata/repomd.xml > /home/user/builder-r4.2/repository-publish/rpm/r4.2/current-testing/vm/fc38/repodata/repomd.xml.metalink']' (status=1).
2024-06-16 12:57:17.488843 +0000 build-r42-fedora2: > done
2024-06-16 12:57:17.488868 +0000 > closing log
