2022-05-12 18:31:50.843664 +0000 > starting log
2022-05-12 18:31:50.844040 +0000 build-debian1: > starting build with log
2022-05-12 18:31:50.844050 +0000 build-debian1: >> make args: update-repo-current
2022-05-12 18:31:50.844057 +0000 build-debian1: >> MAKEFLAGS=
2022-05-12 18:31:50.844063 +0000 build-debian1: >> COMPONENTS=app-split-browser
2022-05-12 18:31:50.844069 +0000 build-debian1: >> DISTS_VM=buster bullseye
2022-05-12 18:31:50.844075 +0000 build-debian1: >> DIST_DOM0=
2022-05-12 18:31:50.844082 +0000 build-debian1: >> qubes-builder 1fb9d931e2644a4e8819f486db9c08140bd8e1c7
2022-05-12 18:31:50.844091 +0000 build-debian1: >> qubes-builder/qubes-src/app-split-browser ec2237ce7de25f405ece08dccf98f29e54cf4ab1
2022-05-12 18:31:50.844099 +0000 build-debian1: !! pkgs/vm-bullseye/qubes-split-browser-disp_0.12.4-1+deb11u1_all.deb
2022-05-12 18:31:50.844106 +0000 build-debian1: !! pkgs/vm-bullseye/qubes-split-browser-disp_0.13.0-1+deb11u1_all.deb
2022-05-12 18:31:50.844114 +0000 build-debian1: !! pkgs/vm-bullseye/qubes-split-browser-disp_0.13.0-2+deb11u1_all.deb
2022-05-12 18:31:50.844121 +0000 build-debian1: !! pkgs/vm-bullseye/qubes-split-browser-disp_0.13.1-1+deb11u1_all.deb
2022-05-12 18:31:50.844129 +0000 build-debian1: !! pkgs/vm-bullseye/qubes-split-browser-disp_0.14.0-1+deb11u1_all.deb
2022-05-12 18:31:50.844136 +0000 build-debian1: !! pkgs/vm-bullseye/qubes-split-browser-disp_0.14.1-1+deb11u1_all.deb
2022-05-12 18:31:50.844144 +0000 build-debian1: !! pkgs/vm-bullseye/qubes-split-browser_0.12.4-1+deb11u1.debian.tar.xz
2022-05-12 18:31:50.844151 +0000 build-debian1: !! pkgs/vm-bullseye/qubes-split-browser_0.12.4-1+deb11u1.dsc
2022-05-12 18:31:50.844159 +0000 build-debian1: !! pkgs/vm-bullseye/qubes-split-browser_0.12.4-1+deb11u1_all.deb
2022-05-12 18:31:50.844166 +0000 build-debian1: !! pkgs/vm-bullseye/qubes-split-browser_0.12.4-1+deb11u1_amd64.buildinfo
2022-05-12 18:31:50.844174 +0000 build-debian1: !! pkgs/vm-bullseye/qubes-split-browser_0.12.4-1+deb11u1_amd64.changes
2022-05-12 18:31:50.844181 +0000 build-debian1: !! pkgs/vm-bullseye/qubes-split-browser_0.12.4.orig.tar.xz
2022-05-12 18:31:50.844188 +0000 build-debian1: !! pkgs/vm-bullseye/qubes-split-browser_0.13.0-1+deb11u1.debian.tar.xz
2022-05-12 18:31:50.844196 +0000 build-debian1: !! pkgs/vm-bullseye/qubes-split-browser_0.13.0-1+deb11u1.dsc
2022-05-12 18:31:50.844203 +0000 build-debian1: !! pkgs/vm-bullseye/qubes-split-browser_0.13.0-1+deb11u1_all.deb
2022-05-12 18:31:50.844210 +0000 build-debian1: !! pkgs/vm-bullseye/qubes-split-browser_0.13.0-1+deb11u1_amd64.buildinfo
2022-05-12 18:31:50.844218 +0000 build-debian1: !! pkgs/vm-bullseye/qubes-split-browser_0.13.0-1+deb11u1_amd64.changes
2022-05-12 18:31:50.844226 +0000 build-debian1: !! pkgs/vm-bullseye/qubes-split-browser_0.13.0-2+deb11u1.debian.tar.xz
2022-05-12 18:31:50.844233 +0000 build-debian1: !! pkgs/vm-bullseye/qubes-split-browser_0.13.0-2+deb11u1.dsc
2022-05-12 18:31:50.844240 +0000 build-debian1: !! pkgs/vm-bullseye/qubes-split-browser_0.13.0-2+deb11u1_all.deb
2022-05-12 18:31:50.844248 +0000 build-debian1: !! pkgs/vm-bullseye/qubes-split-browser_0.13.0-2+deb11u1_amd64.buildinfo
2022-05-12 18:31:50.844255 +0000 build-debian1: !! pkgs/vm-bullseye/qubes-split-browser_0.13.0-2+deb11u1_amd64.changes
2022-05-12 18:31:50.844262 +0000 build-debian1: !! pkgs/vm-bullseye/qubes-split-browser_0.13.0.orig.tar.xz
2022-05-12 18:31:50.844270 +0000 build-debian1: !! pkgs/vm-bullseye/qubes-split-browser_0.13.1-1+deb11u1.debian.tar.xz
2022-05-12 18:31:50.844277 +0000 build-debian1: !! pkgs/vm-bullseye/qubes-split-browser_0.13.1-1+deb11u1.dsc
2022-05-12 18:31:50.844284 +0000 build-debian1: !! pkgs/vm-bullseye/qubes-split-browser_0.13.1-1+deb11u1_all.deb
2022-05-12 18:31:50.844292 +0000 build-debian1: !! pkgs/vm-bullseye/qubes-split-browser_0.13.1-1+deb11u1_amd64.buildinfo
2022-05-12 18:31:50.844299 +0000 build-debian1: !! pkgs/vm-bullseye/qubes-split-browser_0.13.1-1+deb11u1_amd64.changes
2022-05-12 18:31:50.844306 +0000 build-debian1: !! pkgs/vm-bullseye/qubes-split-browser_0.13.1.orig.tar.xz
2022-05-12 18:31:50.844314 +0000 build-debian1: !! pkgs/vm-bullseye/qubes-split-browser_0.14.0-1+deb11u1.debian.tar.xz
2022-05-12 18:31:50.844325 +0000 build-debian1: !! pkgs/vm-bullseye/qubes-split-browser_0.14.0-1+deb11u1.dsc
2022-05-12 18:31:50.844332 +0000 build-debian1: !! pkgs/vm-bullseye/qubes-split-browser_0.14.0-1+deb11u1_all.deb
2022-05-12 18:31:50.844340 +0000 build-debian1: !! pkgs/vm-bullseye/qubes-split-browser_0.14.0-1+deb11u1_amd64.buildinfo
2022-05-12 18:31:50.844347 +0000 build-debian1: !! pkgs/vm-bullseye/qubes-split-browser_0.14.0-1+deb11u1_amd64.changes
2022-05-12 18:31:50.844354 +0000 build-debian1: !! pkgs/vm-bullseye/qubes-split-browser_0.14.0.orig.tar.xz
2022-05-12 18:31:50.844362 +0000 build-debian1: !! pkgs/vm-bullseye/qubes-split-browser_0.14.1-1+deb11u1.debian.tar.xz
2022-05-12 18:31:50.844369 +0000 build-debian1: !! pkgs/vm-bullseye/qubes-split-browser_0.14.1-1+deb11u1.dsc
2022-05-12 18:31:50.844376 +0000 build-debian1: !! pkgs/vm-bullseye/qubes-split-browser_0.14.1-1+deb11u1_all.deb
2022-05-12 18:31:50.844384 +0000 build-debian1: !! pkgs/vm-bullseye/qubes-split-browser_0.14.1-1+deb11u1_amd64.buildinfo
2022-05-12 18:31:50.844391 +0000 build-debian1: !! pkgs/vm-bullseye/qubes-split-browser_0.14.1-1+deb11u1_amd64.changes
2022-05-12 18:31:50.844398 +0000 build-debian1: !! pkgs/vm-bullseye/qubes-split-browser_0.14.1.orig.tar.xz
2022-05-12 18:31:50.844406 +0000 build-debian1: !! pkgs/vm-buster/qubes-split-browser-disp_0.12.4-1+deb10u1_all.deb
2022-05-12 18:31:50.844413 +0000 build-debian1: !! pkgs/vm-buster/qubes-split-browser-disp_0.13.0-1+deb10u1_all.deb
2022-05-12 18:31:50.844421 +0000 build-debian1: !! pkgs/vm-buster/qubes-split-browser-disp_0.13.0-2+deb10u1_all.deb
2022-05-12 18:31:50.844428 +0000 build-debian1: !! pkgs/vm-buster/qubes-split-browser-disp_0.13.1-1+deb10u1_all.deb
2022-05-12 18:31:50.844435 +0000 build-debian1: !! pkgs/vm-buster/qubes-split-browser-disp_0.14.0-1+deb10u1_all.deb
2022-05-12 18:31:50.844443 +0000 build-debian1: !! pkgs/vm-buster/qubes-split-browser-disp_0.14.1-1+deb10u1_all.deb
2022-05-12 18:31:50.844450 +0000 build-debian1: !! pkgs/vm-buster/qubes-split-browser_0.12.4-1+deb10u1.debian.tar.xz
2022-05-12 18:31:50.844459 +0000 build-debian1: !! pkgs/vm-buster/qubes-split-browser_0.12.4-1+deb10u1.dsc
2022-05-12 18:31:50.844467 +0000 build-debian1: !! pkgs/vm-buster/qubes-split-browser_0.12.4-1+deb10u1_all.deb
2022-05-12 18:31:50.844476 +0000 build-debian1: !! pkgs/vm-buster/qubes-split-browser_0.12.4-1+deb10u1_amd64.buildinfo
2022-05-12 18:31:50.844485 +0000 build-debian1: !! pkgs/vm-buster/qubes-split-browser_0.12.4-1+deb10u1_amd64.changes
2022-05-12 18:31:50.844492 +0000 build-debian1: !! pkgs/vm-buster/qubes-split-browser_0.12.4.orig.tar.xz
2022-05-12 18:31:50.844501 +0000 build-debian1: !! pkgs/vm-buster/qubes-split-browser_0.13.0-1+deb10u1.debian.tar.xz
2022-05-12 18:31:50.844509 +0000 build-debian1: !! pkgs/vm-buster/qubes-split-browser_0.13.0-1+deb10u1.dsc
2022-05-12 18:31:50.844516 +0000 build-debian1: !! pkgs/vm-buster/qubes-split-browser_0.13.0-1+deb10u1_all.deb
2022-05-12 18:31:50.844526 +0000 build-debian1: !! pkgs/vm-buster/qubes-split-browser_0.13.0-1+deb10u1_amd64.buildinfo
2022-05-12 18:31:50.844533 +0000 build-debian1: !! pkgs/vm-buster/qubes-split-browser_0.13.0-1+deb10u1_amd64.changes
2022-05-12 18:31:50.844541 +0000 build-debian1: !! pkgs/vm-buster/qubes-split-browser_0.13.0-2+deb10u1.debian.tar.xz
2022-05-12 18:31:50.844548 +0000 build-debian1: !! pkgs/vm-buster/qubes-split-browser_0.13.0-2+deb10u1.dsc
2022-05-12 18:31:50.844555 +0000 build-debian1: !! pkgs/vm-buster/qubes-split-browser_0.13.0-2+deb10u1_all.deb
2022-05-12 18:31:50.844563 +0000 build-debian1: !! pkgs/vm-buster/qubes-split-browser_0.13.0-2+deb10u1_amd64.buildinfo
2022-05-12 18:31:50.844570 +0000 build-debian1: !! pkgs/vm-buster/qubes-split-browser_0.13.0-2+deb10u1_amd64.changes
2022-05-12 18:31:50.844577 +0000 build-debian1: !! pkgs/vm-buster/qubes-split-browser_0.13.0.orig.tar.xz
2022-05-12 18:31:50.844585 +0000 build-debian1: !! pkgs/vm-buster/qubes-split-browser_0.13.1-1+deb10u1.debian.tar.xz
2022-05-12 18:31:50.844596 +0000 build-debian1: !! pkgs/vm-buster/qubes-split-browser_0.13.1-1+deb10u1.dsc
2022-05-12 18:31:50.844604 +0000 build-debian1: !! pkgs/vm-buster/qubes-split-browser_0.13.1-1+deb10u1_all.deb
2022-05-12 18:31:50.844611 +0000 build-debian1: !! pkgs/vm-buster/qubes-split-browser_0.13.1-1+deb10u1_amd64.buildinfo
2022-05-12 18:31:50.844619 +0000 build-debian1: !! pkgs/vm-buster/qubes-split-browser_0.13.1-1+deb10u1_amd64.changes
2022-05-12 18:31:50.844626 +0000 build-debian1: !! pkgs/vm-buster/qubes-split-browser_0.13.1.orig.tar.xz
2022-05-12 18:31:50.844633 +0000 build-debian1: !! pkgs/vm-buster/qubes-split-browser_0.14.0-1+deb10u1.debian.tar.xz
2022-05-12 18:31:50.844640 +0000 build-debian1: !! pkgs/vm-buster/qubes-split-browser_0.14.0-1+deb10u1.dsc
2022-05-12 18:31:50.844648 +0000 build-debian1: !! pkgs/vm-buster/qubes-split-browser_0.14.0-1+deb10u1_all.deb
2022-05-12 18:31:50.844655 +0000 build-debian1: !! pkgs/vm-buster/qubes-split-browser_0.14.0-1+deb10u1_amd64.buildinfo
2022-05-12 18:31:50.844663 +0000 build-debian1: !! pkgs/vm-buster/qubes-split-browser_0.14.0-1+deb10u1_amd64.changes
2022-05-12 18:31:50.844670 +0000 build-debian1: !! pkgs/vm-buster/qubes-split-browser_0.14.0.orig.tar.xz
2022-05-12 18:31:50.844677 +0000 build-debian1: !! pkgs/vm-buster/qubes-split-browser_0.14.1-1+deb10u1.debian.tar.xz
2022-05-12 18:31:50.844685 +0000 build-debian1: !! pkgs/vm-buster/qubes-split-browser_0.14.1-1+deb10u1.dsc
2022-05-12 18:31:50.844692 +0000 build-debian1: !! pkgs/vm-buster/qubes-split-browser_0.14.1-1+deb10u1_all.deb
2022-05-12 18:31:50.844699 +0000 build-debian1: !! pkgs/vm-buster/qubes-split-browser_0.14.1-1+deb10u1_amd64.buildinfo
2022-05-12 18:31:50.844707 +0000 build-debian1: !! pkgs/vm-buster/qubes-split-browser_0.14.1-1+deb10u1_amd64.changes
2022-05-12 18:31:50.844714 +0000 build-debian1: !! pkgs/vm-buster/qubes-split-browser_0.14.1.orig.tar.xz
2022-05-12 18:31:50.844729 +0000 build-debian1: 1f27ae28baaa7f2fb4a5d46e4c0d951dbd43059a9384a2be029803601cf614bc236f35d8bebac32ee758af798ffbb61702bc20cb0d337cfc39253a960f44ba19  pkgs/vm-bullseye/qubes-split-browser-disp_0.12.4-1+deb11u1_all.deb
2022-05-12 18:31:50.844742 +0000 build-debian1: 91081e71fa63cb3543ba86262a872b42e66bdd07e9666908b843336279f0ed65ea1acbe2581ee6610156419054a82ddd30a2bdfd86175bce16b01cc12f3d2dfa  pkgs/vm-bullseye/qubes-split-browser-disp_0.13.0-1+deb11u1_all.deb
2022-05-12 18:31:50.844756 +0000 build-debian1: 39b9b91d27f7ff2b080803f15599f5d34eac8f006a9032e677f48fe746356472bfae0d92d5f79780cd32f05e74d091f0503eea512c7cedfa3180f9a6bf71a583  pkgs/vm-bullseye/qubes-split-browser-disp_0.13.0-2+deb11u1_all.deb
2022-05-12 18:31:50.844769 +0000 build-debian1: 8191f812773973daa448388346177fb029aea9446dbf7f19111e3eec99bd9e1932586cf8aca13cf4ac572499341ed95f81bd80faaa913b325ac12373b3c66e14  pkgs/vm-bullseye/qubes-split-browser-disp_0.13.1-1+deb11u1_all.deb
2022-05-12 18:31:50.844782 +0000 build-debian1: 5e6d8664eef1f8d93e66a09ca5b94e793a99e05a71cd94620a1fb97d869ab20cd3a3d024d25963df76afa3cf6fa08b86b3857af456a5414363878826d1fbe71c  pkgs/vm-bullseye/qubes-split-browser-disp_0.14.0-1+deb11u1_all.deb
2022-05-12 18:31:50.844795 +0000 build-debian1: 122594aabd3ca0e33a9ea989ed719caad820d3c251eef4809c68a35012042c40482d5e7fda5a6f99df800b6156ed574d8a43d06adc23e1ae4a63c4791a0772e0  pkgs/vm-bullseye/qubes-split-browser-disp_0.14.1-1+deb11u1_all.deb
2022-05-12 18:31:50.844808 +0000 build-debian1: df487a4fbb26363aaccfcc8376faeb13e0e76b96239dd3b16629f15eae2e0e38b78deb31359bf5bd030eec5a0378752fd075b4216fa7b15bba640b61f3bf9066  pkgs/vm-bullseye/qubes-split-browser_0.12.4-1+deb11u1.debian.tar.xz
2022-05-12 18:31:50.844821 +0000 build-debian1: 67d68acb16de9d08de2add4f802a197bbf90d399a6c2b5020cbfc7cd8a122de3ba6ed47dc3e0a1c8e1e41955d1d3c0f5a8056b186b20a59b946a399a842b3f28  pkgs/vm-bullseye/qubes-split-browser_0.12.4-1+deb11u1.dsc
2022-05-12 18:31:50.844835 +0000 build-debian1: d7e7ee0804ceccaa70d6c213ed5f5972d0d664a78a2dc6303867bc13454e4e112ef76f1492bf7a6d33f733ea1bae23e6d2cd8430924f65dd8d573ba86f0d9e57  pkgs/vm-bullseye/qubes-split-browser_0.12.4-1+deb11u1_all.deb
2022-05-12 18:31:50.844851 +0000 build-debian1: e458c40579cb31239acb057a27a6fff789939e13543858e0d4bf28acf7cdbe6bc18083305c97e80913a6206a38618db14ceb42ded797c41bc93f425d6ecdba4b  pkgs/vm-bullseye/qubes-split-browser_0.12.4-1+deb11u1_amd64.buildinfo
2022-05-12 18:31:50.844864 +0000 build-debian1: 8e2be908c17889d08db1ccbfb27a7802b50f76bc982128a003971abc0b778997450ce5b6ac7b45c334f919322e079b70df1aa566650efea3bd159fecfb62c0f1  pkgs/vm-bullseye/qubes-split-browser_0.12.4-1+deb11u1_amd64.changes
2022-05-12 18:31:50.844877 +0000 build-debian1: d2a71e2e20dcb695d4d3c79ced067e68bee1edd39ced8fb54f8d4b255c7af87278175374b5a609b2688c11f5fc4b2929f5174c9b25640bf17c612bc963cd797e  pkgs/vm-bullseye/qubes-split-browser_0.12.4.orig.tar.xz
2022-05-12 18:31:50.844892 +0000 build-debian1: 994aff17ba07bb97d0670ec41502c79deb04694b6d4843f539fa674908ade85e210756d7d19d7102a0b21bac85f0752d04fe7240ac273b6a5183d5c398af4495  pkgs/vm-bullseye/qubes-split-browser_0.13.0-1+deb11u1.debian.tar.xz
2022-05-12 18:31:50.844905 +0000 build-debian1: 6ab82396d706d0a1f2a8880bb037cb51697544f36fd3c1dc0220d58d6e2a91da2321e72fbf71da9b30b78736ea66ce93f619f99b4350630798d735d2be27d04a  pkgs/vm-bullseye/qubes-split-browser_0.13.0-1+deb11u1.dsc
2022-05-12 18:31:50.844918 +0000 build-debian1: 83ed9e84824906b792a009ffe3ad3ba7701448b5a96c366a73a8533dc4b9ac47b9ad7c249c311e053daef4f86167ba4d77c9b6d6125e25ef6c76f86153312a74  pkgs/vm-bullseye/qubes-split-browser_0.13.0-1+deb11u1_all.deb
2022-05-12 18:31:50.844931 +0000 build-debian1: a8b5faae2f58e1cec5e9a7b8cb40baaaf31b6835db36bafc102bd9c534c90297ddfe81a4966df62185b29350e85f8d46dcdd2cd6f3dccf7ce2e1600d34e43f60  pkgs/vm-bullseye/qubes-split-browser_0.13.0-1+deb11u1_amd64.buildinfo
2022-05-12 18:31:50.844944 +0000 build-debian1: ef4dea7ab22aef4871cf653842fab893be094f1d180931c957882bce374642645514ff9d21a5e0c97a0684460a5ae1596dfea99a76094d9655d41c48ddbfa6fc  pkgs/vm-bullseye/qubes-split-browser_0.13.0-1+deb11u1_amd64.changes
2022-05-12 18:31:50.844968 +0000 build-debian1: 8bf648d623bbc5f00fa8bd5877ea3ccf7a92eb47e36b3ab209df09e1b4ec8c65aca8c24ab773d762af137491ff2d96df541bb5f48baacfaf8ff46eb4bca80476  pkgs/vm-bullseye/qubes-split-browser_0.13.0-2+deb11u1.debian.tar.xz
2022-05-12 18:31:50.844981 +0000 build-debian1: d93256bf15f9093918249d6b1b1d8288604f209907338fc3adb03e466909d4ad03bf466f453e9bc931834653e19664f88f7931179a3942106051cbeb90944b5e  pkgs/vm-bullseye/qubes-split-browser_0.13.0-2+deb11u1.dsc
2022-05-12 18:31:50.844994 +0000 build-debian1: 922438fcf6e06ab67e6f17b66cba950fb2f8ed46a3acb13093825cf754666766a791ff3392af7b6720cb5aec3529e038095eae46c587bee8f7c1c45bbf3bc0e0  pkgs/vm-bullseye/qubes-split-browser_0.13.0-2+deb11u1_all.deb
2022-05-12 18:31:50.845008 +0000 build-debian1: 3fb00c5a5b7cf295f91740b6420f223b6cd6fca97cdbf926284cdd2345df425de40b46761729938685599617ce9f1d117436bdf11da1ec0bcc37b5c78b4c4f75  pkgs/vm-bullseye/qubes-split-browser_0.13.0-2+deb11u1_amd64.buildinfo
2022-05-12 18:31:50.845021 +0000 build-debian1: 3078d5f8b539921bef173c46add44b0515da070b30f6245b1b7f99694536ec355bb1b40f81e9ed17eb137ed3fdb56a6e14830e2fac461e0c5fb44e7a2a0a5299  pkgs/vm-bullseye/qubes-split-browser_0.13.0-2+deb11u1_amd64.changes
2022-05-12 18:31:50.845034 +0000 build-debian1: 029c1f517310ebf826450619edeaeae4e505a66246b0389b83f05d399c54bc4cb302f1e472f766ea5eeb16b13b27bc2499466400d9450e7be1fb5334e53e166f  pkgs/vm-bullseye/qubes-split-browser_0.13.0.orig.tar.xz
2022-05-12 18:31:50.845047 +0000 build-debian1: 7d09a1f774c9ff94e3fad36adedb2f793d11a26985e13f4733993e4beaeaf42f1fb804f25598b1aa153acfb64094a978b6fd2606c24f6c3f6a7623e5ebb2fc97  pkgs/vm-bullseye/qubes-split-browser_0.13.1-1+deb11u1.debian.tar.xz
2022-05-12 18:31:50.845060 +0000 build-debian1: 3755f35eec48d27d074a1d27127061d2ff4b2e37b5a48a5f0e380edcb9e40f181883b245d59175c42b874a98519e7fcc34ca22bd0cc0e75b49583b2ef68d2f90  pkgs/vm-bullseye/qubes-split-browser_0.13.1-1+deb11u1.dsc
2022-05-12 18:31:50.845076 +0000 build-debian1: aea8ec21104e65db55b65771afbb08e0c370443984d8223615a28949e50c530d0c882d77503ff2aa8c063abadb06825bf95546520ad4603f3a48f37823a35015  pkgs/vm-bullseye/qubes-split-browser_0.13.1-1+deb11u1_all.deb
2022-05-12 18:31:50.845090 +0000 build-debian1: 77a565c39b3ad46be93534fa7489fc9e20cae43232d233567ffb7693a44dfccbbccc9b76d25a1b03d978cba615817e7889e2708f5fb3838989d14c59e2ea3ddf  pkgs/vm-bullseye/qubes-split-browser_0.13.1-1+deb11u1_amd64.buildinfo
2022-05-12 18:31:50.845103 +0000 build-debian1: 2e640652e8bae3a754f2692dd0910b2e6808a341d9f83fecd15d1c5668028dc67924160e58d0fed3848d4a76f29fba57137d8b5019baf533df017fd28e9efdc5  pkgs/vm-bullseye/qubes-split-browser_0.13.1-1+deb11u1_amd64.changes
2022-05-12 18:31:50.845116 +0000 build-debian1: f52ef4f2194a478f055e15456843d318b79bf28505387c902c0c34e5f107348262a3f8c59a9f9de1de582b223f69e06121fa54c6de5648406d9ac90621282d06  pkgs/vm-bullseye/qubes-split-browser_0.13.1.orig.tar.xz
2022-05-12 18:31:50.845129 +0000 build-debian1: c7d9790e9eb8f33d2644d8b2642b27f0cecc7035908549b1b738b6b68008ca416527eece5efdaf5e6948cb0b3de131c58bff27f16fff6440e3234ad30f153c10  pkgs/vm-bullseye/qubes-split-browser_0.14.0-1+deb11u1.debian.tar.xz
2022-05-12 18:31:50.845142 +0000 build-debian1: 2d8bb09060ad098173f96ca7184f8d7e20a6d76f2b38ed47c969479a653335ab3d900b8f63050c19f615e389e11d3a6215fbff76903ec5d24865313634c8c81c  pkgs/vm-bullseye/qubes-split-browser_0.14.0-1+deb11u1.dsc
2022-05-12 18:31:50.845155 +0000 build-debian1: 8dc355c148633fe6c7c387e22059938422a93d6d89facee302e92f19229a6c95bb6fdd7d586e69c6d26737149cfed0fe08ef8325a601c737bdc9c5c3f6a91bbe  pkgs/vm-bullseye/qubes-split-browser_0.14.0-1+deb11u1_all.deb
2022-05-12 18:31:50.845168 +0000 build-debian1: 4992cf0a3c8c0924aa68d3aa043538eb406de909633713d042973b5563a6a4542bc735a58ebbe514823e2a1c9cb77ba7daa3af2eef1d8a0ff81cbf71c20d0804  pkgs/vm-bullseye/qubes-split-browser_0.14.0-1+deb11u1_amd64.buildinfo
2022-05-12 18:31:50.845183 +0000 build-debian1: 76acaf90e7762caf9c108e1784c7f0fe22d71fcbc1c0ed7b64c8e51744d88e77942ab3d4cbd03838f46c79853b5c11f59dbae963590a210d54ee8912478ab843  pkgs/vm-bullseye/qubes-split-browser_0.14.0-1+deb11u1_amd64.changes
2022-05-12 18:31:50.845196 +0000 build-debian1: 0c50ab98bf94b96f48fc85d8fc680258035d95e8a06a2d1c32b857a49c4fc85d203d66eb04d9b54576fe92d61fc5a7f5d2a8023cf1ac75d80d18577253961ab9  pkgs/vm-bullseye/qubes-split-browser_0.14.0.orig.tar.xz
2022-05-12 18:31:50.845209 +0000 build-debian1: 96c981fce17936e9297c1d350bf7d8196f9a1553a5cf027ae377e44d803c726c3dfe8109fc561e6fea3ddef45970e2d1a7bed9cdca39f7edad2a48176439a395  pkgs/vm-bullseye/qubes-split-browser_0.14.1-1+deb11u1.debian.tar.xz
2022-05-12 18:31:50.845222 +0000 build-debian1: ef8f7a7cdb012cf6a5c9ef84e366c418888578b602ba72e76c9d675f71ee9c686ce60d3b67c4ce7955e720b9376d9382dfafe73d72de9a32a2f38f624bc2a076  pkgs/vm-bullseye/qubes-split-browser_0.14.1-1+deb11u1.dsc
2022-05-12 18:31:50.845235 +0000 build-debian1: c0bf6df3f75bf2a4505f576031f4ff791d306c781fa182e61102ab2823a10a2cd89803c645625369e4ca2431f63c6546b936b486964a41fff74acb4025e41aed  pkgs/vm-bullseye/qubes-split-browser_0.14.1-1+deb11u1_all.deb
2022-05-12 18:31:50.845249 +0000 build-debian1: d55991ccf356e71a4ed3272e5e72b526a9724ef7ead7f84d3d8a172b9be9383ff53b243bcfc40394b11ccbf748758daf37e5f850ea5e1e8a7077acf604ac1b9c  pkgs/vm-bullseye/qubes-split-browser_0.14.1-1+deb11u1_amd64.buildinfo
2022-05-12 18:31:50.845262 +0000 build-debian1: a2f0b20e0e7f582ac9de68a03c6a2d1d5098c3d63e056efe2e2f65544e6cade448ca6413aa86bcac8c6526f3bc44c43426f729ae972f821250e0041bdfb7a567  pkgs/vm-bullseye/qubes-split-browser_0.14.1-1+deb11u1_amd64.changes
2022-05-12 18:31:50.845275 +0000 build-debian1: 2dbb0da8de49ab5e99162df0c764bc1a656e29621b0190d2c53921853ff27413c9a7ee491e781be65434d106d6a65f8145c987f913bf73c4347b5918b67e99a1  pkgs/vm-bullseye/qubes-split-browser_0.14.1.orig.tar.xz
2022-05-12 18:31:50.845290 +0000 build-debian1: 1f1b704e520eb8985eafa8dfc4b04be0418e5ff5913c8626b4d1fa4455ebb4543fa998f31e654a45d61d1c7e16698513ade7f0dc0728e0730a4c73e612d46871  pkgs/vm-buster/qubes-split-browser-disp_0.12.4-1+deb10u1_all.deb
2022-05-12 18:31:50.845304 +0000 build-debian1: b6f7dc22510e6552281b6423cfaaed9993e799d82d56448565aab7c02e27cf322eb6ce5374f7eee0cb35141f78485c50ee6c146ff59aecbd824d21f9fac4bb5b  pkgs/vm-buster/qubes-split-browser-disp_0.13.0-1+deb10u1_all.deb
2022-05-12 18:31:50.845320 +0000 build-debian1: b16531f4ce0e72835b230f09247239e1a5e5f46b369b312ec2b6822c0e9f5f391c6e450460cd9db4a779920ce9f708d5e20fbde4163551a650d0d397cda18f86  pkgs/vm-buster/qubes-split-browser-disp_0.13.0-2+deb10u1_all.deb
2022-05-12 18:31:50.845333 +0000 build-debian1: 57d1326f7f0f775f6d8985c58d1024972e5135d5fafedd5e32ff4e7f8273f069c15642c5a16247178e065f034a9c0b98f5672734e63911912e598791d3537098  pkgs/vm-buster/qubes-split-browser-disp_0.13.1-1+deb10u1_all.deb
2022-05-12 18:31:50.845346 +0000 build-debian1: d7ddb1231e53b393d0e601a954e176c55cf06a4086c2fd9dcdb92aa7150189044fa6313665d338c38a15220e590bc1c055f22e06d06668524674f02ca181e781  pkgs/vm-buster/qubes-split-browser-disp_0.14.0-1+deb10u1_all.deb
2022-05-12 18:31:50.845359 +0000 build-debian1: 29bed0807bfa6fcacf2b40179715b3d61cf494795a4501aca3dee162a0c7cfa7b67464f026e37a62b90622dbfa176322ef7463fd436cdf5ff006886f70b4ff65  pkgs/vm-buster/qubes-split-browser-disp_0.14.1-1+deb10u1_all.deb
2022-05-12 18:31:50.845373 +0000 build-debian1: 50965d9fa4f7e2e20ebd934ba8734892032c11c7b2f6ff1031ca38816130278275447d6bf3b0bde2018d172d385e3ea12a5f6f2b93e9095facd87a02a023e459  pkgs/vm-buster/qubes-split-browser_0.12.4-1+deb10u1.debian.tar.xz
2022-05-12 18:31:50.845385 +0000 build-debian1: e09cae5bcd595f5257e7cea5407476396a6f1c403e452021102d64231034ba9ccd01294d451e1df04377f19844f96bcd6105d879ce7cd265d5e17416c3a654c0  pkgs/vm-buster/qubes-split-browser_0.12.4-1+deb10u1.dsc
2022-05-12 18:31:50.845398 +0000 build-debian1: 743ceafbf9477091c1099629a669157dc9335ca037c123de7d203105b84a92c535ad1b5022e09a46bcf190d1fc2dd7afb297514887468d85f6dc803bfb98a22c  pkgs/vm-buster/qubes-split-browser_0.12.4-1+deb10u1_all.deb
2022-05-12 18:31:50.845412 +0000 build-debian1: 9a04de4a2e198a8d13e774fa7eefb1c7ee5799b991fb040a5f79279a31f3e5a98ffbf21fb98a14ffdd2824e62a9cabeaf7ad5ee215fa5b2fc1897d338f723016  pkgs/vm-buster/qubes-split-browser_0.12.4-1+deb10u1_amd64.buildinfo
2022-05-12 18:31:50.845428 +0000 build-debian1: a2dfab4375f89091a024d5d171d47cb439670455f971b2eb9f5c49b0a6526b77cc6599681d5fb0235cf71fe15c756d07ac1fdcb0f2c6906e39331686fb0fd5d4  pkgs/vm-buster/qubes-split-browser_0.12.4-1+deb10u1_amd64.changes
2022-05-12 18:31:50.845441 +0000 build-debian1: d2a71e2e20dcb695d4d3c79ced067e68bee1edd39ced8fb54f8d4b255c7af87278175374b5a609b2688c11f5fc4b2929f5174c9b25640bf17c612bc963cd797e  pkgs/vm-buster/qubes-split-browser_0.12.4.orig.tar.xz
2022-05-12 18:31:50.845456 +0000 build-debian1: deeb2a7d5b2afed2031275af63d31e786e8bc840d0ff9d033a529e88261e0345981acc1e110a6cdefd7d6b8d186dd3a1b2cb7d76f8a6241d3a6bc237f444a702  pkgs/vm-buster/qubes-split-browser_0.13.0-1+deb10u1.debian.tar.xz
2022-05-12 18:31:50.845474 +0000 build-debian1: 53c5aef37029536c120a22d62f9a67684fb9527f7eb0ac8488805a327d447a2753c21f594fbb4b820a2826565665a102bc16a747748ea12b5018795f5fdb9343  pkgs/vm-buster/qubes-split-browser_0.13.0-1+deb10u1.dsc
2022-05-12 18:31:50.845487 +0000 build-debian1: a8e6e9b28f1291c36a5b2f9ac15d420088cbb9da2cdfc60b325327092536da7f4e1d70bf0f4938b15d6a430188a7437255e94f6112328a670baf63bf730b9b92  pkgs/vm-buster/qubes-split-browser_0.13.0-1+deb10u1_all.deb
2022-05-12 18:31:50.845500 +0000 build-debian1: b1d5972f0130cf345e54b824256083c8a7f70c8f6e5af40cc94b6b1d7f046d50fb952cfe4cf6b45ad95ed2893ebb9bb4f82070825a633c831c42dc64b2afaf64  pkgs/vm-buster/qubes-split-browser_0.13.0-1+deb10u1_amd64.buildinfo
2022-05-12 18:31:50.845513 +0000 build-debian1: fb046e8e33e54ddd90984a70de6ac1128e6b63b5cd88e84534d27cd8d3a0be55388c6d1016578a500a6e7c1fd736ad40835d6ba7c2fe3809b3cee12aeb1d5396  pkgs/vm-buster/qubes-split-browser_0.13.0-1+deb10u1_amd64.changes
2022-05-12 18:31:50.845529 +0000 build-debian1: 8f3dd187b7a30340df606f48e52fdeb564b4fbd29c439426ca3d5d0fdc077dd7242ed294ad71329dcc3de699e614b3d1aec674da063c82de3537f4905d73973c  pkgs/vm-buster/qubes-split-browser_0.13.0-2+deb10u1.debian.tar.xz
2022-05-12 18:31:50.845542 +0000 build-debian1: 759ab187d23497210ccc3df0eaa5f9e37834f8c1f940799e0a87d42920409cabe9e514db977bcfe9b19fb4125b87f4064b8695112372ced842d51901b207b269  pkgs/vm-buster/qubes-split-browser_0.13.0-2+deb10u1.dsc
2022-05-12 18:31:50.845555 +0000 build-debian1: d81456c120e02000571530e70fbdae99002065cee936c364128ff93a8dae9dc11ba1cbee5d31d6f18e6a85e51c7a4eda2f3445c6cbeaf7eadf57dd25150bf02e  pkgs/vm-buster/qubes-split-browser_0.13.0-2+deb10u1_all.deb
2022-05-12 18:31:50.845568 +0000 build-debian1: a9c538ba68a34269c433f702ccb2f00dae01259a9a501086929e1430f9fa20e2af355f7c9067a427513dc59c2bc4168bc5f9a12a2c81569c67503dffa4b0ca6b  pkgs/vm-buster/qubes-split-browser_0.13.0-2+deb10u1_amd64.buildinfo
2022-05-12 18:31:50.845581 +0000 build-debian1: 0a08f3aa9017d3b9a6c88c17d0655612494893d0ec436d8672c199692b7a27f1e3405ec4c473145d5fb172094d204d3f8746efb4ac1f28ce7c85500ce953ffe1  pkgs/vm-buster/qubes-split-browser_0.13.0-2+deb10u1_amd64.changes
2022-05-12 18:31:50.845594 +0000 build-debian1: 029c1f517310ebf826450619edeaeae4e505a66246b0389b83f05d399c54bc4cb302f1e472f766ea5eeb16b13b27bc2499466400d9450e7be1fb5334e53e166f  pkgs/vm-buster/qubes-split-browser_0.13.0.orig.tar.xz
2022-05-12 18:31:50.845607 +0000 build-debian1: 9604f82e6d94a092874e2aaa6f3f9c8811df6e6cb3571577ec2bcc0d57d457d0315c8ce971e92911c7c6abebe1bd79b39cb812d54ce39c33768c197de390179c  pkgs/vm-buster/qubes-split-browser_0.13.1-1+deb10u1.debian.tar.xz
2022-05-12 18:31:50.845620 +0000 build-debian1: 75df3fe498513b7af141cf85dc9eab2bfe518133aec6948cf14c62f86bbd2047eb5a8323b38e4b9a73710c9d41cf14dd36c6241abddb5bcab7ca26272d6e92a9  pkgs/vm-buster/qubes-split-browser_0.13.1-1+deb10u1.dsc
2022-05-12 18:31:50.845633 +0000 build-debian1: 78dad48dc55d9b741d8ac6108d9cded191386b07b2b6dd8ec1d137fecd280c7b6fd14acc4076f4ed0290143e36f9090e8415afce91049b33d04c32d4c6696bd2  pkgs/vm-buster/qubes-split-browser_0.13.1-1+deb10u1_all.deb
2022-05-12 18:31:50.845646 +0000 build-debian1: cae25b712c3e0e34571270cee6bebfb067dcc39425dd276b9d333e3d42ae83aeb60c525b1d30c49a3aea96c740deb3bb8cf8018c320dcffddb6a5324ecea306c  pkgs/vm-buster/qubes-split-browser_0.13.1-1+deb10u1_amd64.buildinfo
2022-05-12 18:31:50.845659 +0000 build-debian1: 171a0cd0c44e8c7d7978c8006701d6524f6b3854f35605eaf2108026335d99f6554cf1091a855a40caaeafb51c013668e9d3d2db57eceb1947f412375cd3f802  pkgs/vm-buster/qubes-split-browser_0.13.1-1+deb10u1_amd64.changes
2022-05-12 18:31:50.845672 +0000 build-debian1: f52ef4f2194a478f055e15456843d318b79bf28505387c902c0c34e5f107348262a3f8c59a9f9de1de582b223f69e06121fa54c6de5648406d9ac90621282d06  pkgs/vm-buster/qubes-split-browser_0.13.1.orig.tar.xz
2022-05-12 18:31:50.845685 +0000 build-debian1: d50a11a00e5619763e681e6aa35edcb2e8ea6893773a9f12f0971c67295195791d03091724fe69919339e1c81ef805e367efce0575a2c799a23c780799a0af04  pkgs/vm-buster/qubes-split-browser_0.14.0-1+deb10u1.debian.tar.xz
2022-05-12 18:31:50.845698 +0000 build-debian1: 47cd58e7132432fc8d37d45e0d026f08bcd778ff6e7824e1242ec96e07a002f90c486de227210aa08ff1a3f188499630e24a5563587ebcaf03256b606125d786  pkgs/vm-buster/qubes-split-browser_0.14.0-1+deb10u1.dsc
2022-05-12 18:31:50.845711 +0000 build-debian1: 740394b6443983c7b0cf7da72a74942f9a9d3e7da08caacd2baa3171c0edb92b8275a3a334abfab7e85e6fe2d4051eea20c33a751e4826dc02f0367571aac0c3  pkgs/vm-buster/qubes-split-browser_0.14.0-1+deb10u1_all.deb
2022-05-12 18:31:50.845724 +0000 build-debian1: 5ad25923da8ed4b39d7c5d0f82c32b89274eeeaf71fec1661e2443bdeda4e23dbd12251998c6c319253540ff697a25126b90f23a8e7113f71f10b19c2018e099  pkgs/vm-buster/qubes-split-browser_0.14.0-1+deb10u1_amd64.buildinfo
2022-05-12 18:31:50.845737 +0000 build-debian1: c8f82f1876bb51603f243329c9d38b84381ce34990f5d9bf788840914d62e97768708ce239b2f9e6be72ec6c66d55d8dc5e691005e314101551e65c691733f28  pkgs/vm-buster/qubes-split-browser_0.14.0-1+deb10u1_amd64.changes
2022-05-12 18:31:50.845752 +0000 build-debian1: 0c50ab98bf94b96f48fc85d8fc680258035d95e8a06a2d1c32b857a49c4fc85d203d66eb04d9b54576fe92d61fc5a7f5d2a8023cf1ac75d80d18577253961ab9  pkgs/vm-buster/qubes-split-browser_0.14.0.orig.tar.xz
2022-05-12 18:31:50.845767 +0000 build-debian1: 17b331e59f961e6851beb51d302d069776dfddcee7d5a2999498874654a658eb616fa18fd5ae7e77dad1a403704fa93b468d130951c3c92f413bb5144c2f3ff1  pkgs/vm-buster/qubes-split-browser_0.14.1-1+deb10u1.debian.tar.xz
2022-05-12 18:31:50.845780 +0000 build-debian1: ef723a81019c150d0fca5021cfee87920564304012cb4485dda75dbb08b4344f15354005ca0c957eb5b6683f7b3852f8bb7e30fcca544bb836ed4326999b208f  pkgs/vm-buster/qubes-split-browser_0.14.1-1+deb10u1.dsc
2022-05-12 18:31:50.845793 +0000 build-debian1: e237434c86289006c7823855d387fcf10d7c9f56e0c86b2aca13b27129201e6d06930f47c79ac10ea5ee6ac2c23e26464ea33a29d83e80784de9e32c791d91bc  pkgs/vm-buster/qubes-split-browser_0.14.1-1+deb10u1_all.deb
2022-05-12 18:31:50.845806 +0000 build-debian1: 8b75d66fdd911477b04a0eb72f9669c7f777eda153b1ec7af74925f49c071371482748992ccb808e96b63017cc36ed51cb725584251e7e86fc8d231d3b05ab47  pkgs/vm-buster/qubes-split-browser_0.14.1-1+deb10u1_amd64.buildinfo
2022-05-12 18:31:50.845820 +0000 build-debian1: 428cd556835dd6c70ac15e6e53b7aebdf5452f172b5dbf355db763b176bc1e451b965dbd5129ce79294452a45b83f15b976dde44c460b9f14ed6bdbb6fb94f6b  pkgs/vm-buster/qubes-split-browser_0.14.1-1+deb10u1_amd64.changes
2022-05-12 18:31:50.845832 +0000 build-debian1: 2dbb0da8de49ab5e99162df0c764bc1a656e29621b0190d2c53921853ff27413c9a7ee491e781be65434d106d6a65f8145c987f913bf73c4347b5918b67e99a1  pkgs/vm-buster/qubes-split-browser_0.14.1.orig.tar.xz
2022-05-12 18:31:50.845841 +0000 build-debian1: ================================================================================
2022-05-12 18:31:50.845849 +0000 build-debian1:                            B U I L D   I N F O                                  
2022-05-12 18:31:50.845858 +0000 build-debian1: Items in red indicate it was automatically generated by configuration file(s)
2022-05-12 18:31:50.845866 +0000 build-debian1: Items in white indicate it was automatically removed by configuration file(s)
2022-05-12 18:31:50.845874 +0000 build-debian1: ================================================================================
2022-05-12 18:31:50.845879 +0000 build-debian1: DISTS_VM:
2022-05-12 18:31:50.845885 +0000 build-debian1:      buster, bullseye,
2022-05-12 18:31:50.845890 +0000 build-debian1: DISTS_ALL:
2022-05-12 18:31:50.845896 +0000 build-debian1:      vm-bullseye, vm-buster,
2022-05-12 18:31:50.845901 +0000 build-debian1: DIST_DOM0:
2022-05-12 18:31:50.845906 +0000 build-debian1:     
2022-05-12 18:31:50.845911 +0000 build-debian1: BUILDER_PLUGINS:
2022-05-12 18:31:50.845919 +0000 build-debian1:      builder-debian, mgmt-salt, contrib-configs, builder-github,
2022-05-12 18:31:50.845924 +0000 build-debian1: COMPONENTS:
2022-05-12 18:31:50.845930 +0000 build-debian1:      app-split-browser,
2022-05-12 18:31:50.845935 +0000 build-debian1: GIT_REPOS:
2022-05-12 18:31:50.845941 +0000 build-debian1:      qubes-src/app-split-browser,
2022-05-12 18:31:50.845946 +0000 build-debian1: TEMPLATE:
2022-05-12 18:31:50.845959 +0000 build-debian1:     
2022-05-12 18:31:50.845965 +0000 build-debian1: TEMPLATE_FLAVOR_DIR:
2022-05-12 18:31:50.845970 +0000 build-debian1:     
2022-05-12 18:31:50.845975 +0000 build-debian1: TEMPLATE_ALIAS:
2022-05-12 18:31:50.845980 +0000 build-debian1:     
2022-05-12 18:31:50.845985 +0000 build-debian1: TEMPLATE_LABEL:
2022-05-12 18:31:50.845990 +0000 build-debian1:     
2022-05-12 18:31:50.845996 +0000 build-debian1: > running make
2022-05-12 18:31:50.846004 +0000 build-debian1: Makefile:863: target 'internal-update-repo-current.vm.bullseye.app-split-browser' does not exist
2022-05-12 18:31:50.846012 +0000 build-debian1: repo_base_var="LINUX_REPO_${DIST//-/_}_BASEDIR"; \
2022-05-12 18:31:50.846022 +0000 build-debian1: if [ "app-split-browser" = linux-template-builder ]; then \
2022-05-12 18:31:50.846030 +0000 build-debian1: .# templates belongs to dom0 repository, even though PACKAGE_SET=vm
2022-05-12 18:31:50.846037 +0000 build-debian1: repo_base_var="LINUX_REPO__BASEDIR"; \
2022-05-12 18:31:50.846042 +0000 build-debian1: fi; \
2022-05-12 18:31:50.846048 +0000 build-debian1: if [ -n "${!repo_base_var}" ]; then \
2022-05-12 18:31:50.846054 +0000 build-debian1: .repo_basedir="${!repo_base_var}"; \
2022-05-12 18:31:50.846059 +0000 build-debian1: else \
2022-05-12 18:31:50.846066 +0000 build-debian1: .repo_basedir="qubes-src/linux-deb/r4.1"; \
2022-05-12 18:31:50.846070 +0000 build-debian1: fi; \
2022-05-12 18:31:50.846078 +0000 build-debian1: if [ -r qubes-src/app-split-browser/Makefile.builder ]; then \
2022-05-12 18:31:50.846085 +0000 build-debian1: .echo -n "Updating qubes-src/app-split-browser... "; \
2022-05-12 18:31:50.846091 +0000 build-debian1: .if [ "0" -eq 1 ]; then \
2022-05-12 18:31:50.846099 +0000 build-debian1: ..vtag=`git -C qubes-src/app-split-browser tag --points-at HEAD --list v*`; \
2022-05-12 18:31:50.846105 +0000 build-debian1: ..if [ -z "$vtag" ]; then \
2022-05-12 18:31:50.846111 +0000 build-debian1: ...echo "no version tag"; \
2022-05-12 18:31:50.846116 +0000 build-debian1: ...exit 0; \
2022-05-12 18:31:50.846121 +0000 build-debian1: ..fi; \
2022-05-12 18:31:50.846126 +0000 build-debian1: .fi; \
2022-05-12 18:31:50.846133 +0000 build-debian1: .if [ "app-split-browser" = linux-template-builder ]; then
2022-05-12 18:31:50.846143 +0000 build-debian1: export TEMPLATE_NAME=$(MAKEFLAGS= make -s -C qubes-src/linux-template-builder DIST=bullseye template-name)
2022-05-12 18:31:50.846147 +0000 build-debian1: fi
2022-05-12 18:31:50.846166 +0000 build-debian1: component_packages=$(MAKEFLAGS= make -s -f Makefile.generic DIST=bullseye PACKAGE_SET=vm COMPONENT=`basename qubes-src/app-split-browser` UPDATE_REPO=/home/user/builder-r4.1/$repo_basedir/current/vm/bullseye get-var GET_VAR=PACKAGE_LIST); \
2022-05-12 18:31:50.846173 +0000 build-debian1: .if [ -z "$component_packages" ]; then \
2022-05-12 18:31:50.846179 +0000 build-debian1: ..echo "no packages."; \
2022-05-12 18:31:50.846184 +0000 build-debian1: ..exit 0; \
2022-05-12 18:31:50.846189 +0000 build-debian1: .fi; \
2022-05-12 18:31:50.846196 +0000 build-debian1: .make -s -f Makefile.generic DIST=bullseye PACKAGE_SET=vm \
2022-05-12 18:31:50.846203 +0000 build-debian1: ..COMPONENT=`basename qubes-src/app-split-browser` \
2022-05-12 18:31:50.846209 +0000 build-debian1: ..SNAPSHOT_REPO=current-testing \
2022-05-12 18:31:50.846215 +0000 build-debian1: ..TARGET_REPO=current \
2022-05-12 18:31:50.846222 +0000 build-debian1: ..UPDATE_REPO=/home/user/builder-r4.1/$repo_basedir/current/vm/bullseye \
2022-05-12 18:31:50.846233 +0000 build-debian1: ..SNAPSHOT_FILE=/home/user/builder-r4.1/repo-latest-snapshot/current-testing-vm-bullseye-`basename qubes-src/app-split-browser` \
2022-05-12 18:31:50.846238 +0000 build-debian1: ..BUILD_LOG_URL= \
2022-05-12 18:31:50.846245 +0000 build-debian1: ..update-repo-from-snapshot || exit 1; \
2022-05-12 18:31:50.846254 +0000 build-debian1: elif make -C qubes-src/app-split-browser -n update-repo-current >/dev/null 2>/dev/null; then \
2022-05-12 18:31:50.846261 +0000 build-debian1: .echo "Updating qubes-src/app-split-browser... "; \
2022-05-12 18:31:50.846269 +0000 build-debian1: .DIST=bullseye UPDATE_REPO=/home/user/builder-r4.1/$repo_basedir/current/vm/bullseye \
2022-05-12 18:31:50.846277 +0000 build-debian1: .make -s -C qubes-src/app-split-browser update-repo-current || exit 1; \
2022-05-12 18:31:50.846282 +0000 build-debian1: else \
2022-05-12 18:31:50.846289 +0000 build-debian1: .echo -n "Updating qubes-src/app-split-browser... skipping."; \
2022-05-12 18:31:50.846294 +0000 build-debian1: fi; \
2022-05-12 18:31:50.846299 +0000 build-debian1: echo
2022-05-12 18:31:50.846308 +0000 build-debian1: Updating qubes-src/app-split-browser... Makefile.generic:229: target 'update-repo-date-check' does not exist
2022-05-12 18:31:50.846323 +0000 build-debian1: if ! [ -r /home/user/builder-r4.1/repo-latest-snapshot/current-testing-vm-bullseye-app-split-browser ]; then \
2022-05-12 18:31:50.846332 +0000 build-debian1: .echo "`tput bold`*** Packages weren't uploaded to current-testing! ***`tput sgr0`"; \
2022-05-12 18:31:50.846338 +0000 build-debian1: .exit 1; \
2022-05-12 18:31:50.846342 +0000 build-debian1: fi
2022-05-12 18:31:50.846350 +0000 build-debian1: touch -t `date -d "5 days ago" +%Y%m%d%H%M` /tmp/age-compare-file
2022-05-12 18:31:50.846361 +0000 build-debian1: if ! [ /home/user/builder-r4.1/repo-latest-snapshot/current-testing-vm-bullseye-app-split-browser -ot /tmp/age-compare-file ]; then \
2022-05-12 18:31:50.846370 +0000 build-debian1: .echo "`tput bold`*** Packages weren't in current-testing for at least 5 days! ***`tput sgr0`"; \
2022-05-12 18:31:50.846375 +0000 build-debian1: .exit 1; \
2022-05-12 18:31:50.846380 +0000 build-debian1: fi
2022-05-12 18:31:50.846385 +0000 build-debian1: rm -f /tmp/age-compare-file
2022-05-12 18:31:50.846395 +0000 build-debian1: /home/user/builder-r4.1/qubes-src/builder-debian/Makefile.debian:230: target 'update-repo-prepare' does not exist
2022-05-12 18:31:50.846403 +0000 build-debian1: mkdir -p /home/user/builder-r4.1/qubes-src/linux-deb/r4.1/current/vm/bullseye/conf
2022-05-12 18:31:50.846413 +0000 build-debian1: if [ ! -e /home/user/builder-r4.1/qubes-src/linux-deb/r4.1/current/vm/bullseye/conf/distributions ]; then \
2022-05-12 18:31:50.846422 +0000 build-debian1: .touch /home/user/builder-r4.1/qubes-src/linux-deb/r4.1/current/vm/bullseye/conf/distributions; \
2022-05-12 18:31:50.846427 +0000 build-debian1: fi
2022-05-12 18:31:50.846436 +0000 build-debian1: grep bullseye /home/user/builder-r4.1/qubes-src/linux-deb/r4.1/current/vm/bullseye/conf/distributions > /dev/null; \
2022-05-12 18:31:50.846442 +0000 build-debian1: if [ $? -ne 0 ]; then \
2022-05-12 18:31:50.846452 +0000 build-debian1: .echo "$aptdistributions" >> /home/user/builder-r4.1/qubes-src/linux-deb/r4.1/current/vm/bullseye/conf/distributions; \
2022-05-12 18:31:50.846457 +0000 build-debian1: fi
2022-05-12 18:31:50.846467 +0000 build-debian1: /home/user/builder-r4.1/qubes-src/builder-debian/Makefile.debian:261: target 'update-repo-from-snapshot-do' does not exist
2022-05-12 18:31:50.846481 +0000 build-debian1: /usr/bin/reprepro --ignore=surprisingbinary -b /home/user/builder-r4.1/qubes-src/linux-deb/r4.1/current/vm/bullseye copyfilter bullseye bullseye-testing '$Source (== qubes-split-browser), Version (== 0.14.1-1+deb11u1)'
2022-05-12 18:31:50.846492 +0000 build-debian1: Warning: replacing 'qubes-split-browser-disp' version '0.14.1-1+deb11u1' with equal version '0.14.1-1+deb11u1' in 'bullseye|main|amd64'!
2022-05-12 18:31:50.846503 +0000 build-debian1: Warning: replacing 'qubes-split-browser' version '0.14.1-1+deb11u1' with equal version '0.14.1-1+deb11u1' in 'bullseye|main|amd64'!
2022-05-12 18:31:50.846513 +0000 build-debian1: Warning: replacing 'qubes-split-browser' version '0.14.1-1+deb11u1' with equal version '0.14.1-1+deb11u1' in 'bullseye|main|source'!
2022-05-12 18:31:50.846519 +0000 build-debian1: Exporting indices...
2022-05-12 18:31:50.846528 +0000 build-debian1: /home/user/builder-r4.1/qubes-src/builder-github//Makefile.github:18: target 'notify-github' does not exist
2022-05-12 18:31:50.846538 +0000 build-debian1: [ -z "qubes-split-browser_0.14.1-1+deb11u1" ] || /home/user/builder-r4.1/qubes-src/builder-github//notify-issues \
2022-05-12 18:31:50.846543 +0000 build-debian1: .--build-log="" \
2022-05-12 18:31:50.846549 +0000 build-debian1: .upload \
2022-05-12 18:31:50.846554 +0000 build-debian1: ."r4.1" \
2022-05-12 18:31:50.846560 +0000 build-debian1: ."qubes-src/app-split-browser" \
2022-05-12 18:31:50.846566 +0000 build-debian1: ."qubes-split-browser_0.14.1-1+deb11u1" \
2022-05-12 18:31:50.846571 +0000 build-debian1: ."bullseye" \
2022-05-12 18:31:50.846576 +0000 build-debian1: ."vm" \
2022-05-12 18:31:50.846584 +0000 build-debian1: ."current" \
2022-05-12 18:31:50.846593 +0000 build-debian1: ."/home/user/github-notify-state/r4.1-app-split-browser-vm-bullseye-current" \
2022-05-12 18:31:50.846601 +0000 build-debian1: ."/home/user/github-notify-state/r4.1-app-split-browser-vm-bullseye-current"
2022-05-12 18:31:50.846612 +0000 build-debian1: WARNING: message template /home/user/builder-r4.1/qubes-src/builder-github/templates/message-stable-vm doesn't exist, not adding comments
2022-05-12 18:31:50.846618 +0000 build-debian1: Traceback (most recent call last):
2022-05-12 18:31:50.846626 +0000 build-debian1:   File "/usr/lib/python3.10/site-packages/urllib3/connection.py", line 174, in _new_conn
2022-05-12 18:31:50.846633 +0000 build-debian1:     conn = connection.create_connection(
2022-05-12 18:31:50.846642 +0000 build-debian1:   File "/usr/lib/python3.10/site-packages/urllib3/util/connection.py", line 73, in create_connection
2022-05-12 18:31:50.846650 +0000 build-debian1:     for res in socket.getaddrinfo(host, port, family, socket.SOCK_STREAM):
2022-05-12 18:31:50.846657 +0000 build-debian1:   File "/usr/lib64/python3.10/socket.py", line 955, in getaddrinfo
2022-05-12 18:31:50.846666 +0000 build-debian1:     for res in _socket.getaddrinfo(host, port, family, type, proto, flags):
2022-05-12 18:31:50.846673 +0000 build-debian1: socket.gaierror: [Errno -2] Name or service not known
2022-05-12 18:31:50.846677 +0000 build-debian1: 
2022-05-12 18:31:50.846685 +0000 build-debian1: During handling of the above exception, another exception occurred:
2022-05-12 18:31:50.846690 +0000 build-debian1: 
2022-05-12 18:31:50.846696 +0000 build-debian1: Traceback (most recent call last):
2022-05-12 18:31:50.846705 +0000 build-debian1:   File "/usr/lib/python3.10/site-packages/urllib3/connectionpool.py", line 699, in urlopen
2022-05-12 18:31:50.846711 +0000 build-debian1:     httplib_response = self._make_request(
2022-05-12 18:31:50.846720 +0000 build-debian1:   File "/usr/lib/python3.10/site-packages/urllib3/connectionpool.py", line 382, in _make_request
2022-05-12 18:31:50.846726 +0000 build-debian1:     self._validate_conn(conn)
2022-05-12 18:31:50.846735 +0000 build-debian1:   File "/usr/lib/python3.10/site-packages/urllib3/connectionpool.py", line 1010, in _validate_conn
2022-05-12 18:31:50.846741 +0000 build-debian1:     conn.connect()
2022-05-12 18:31:50.846749 +0000 build-debian1:   File "/usr/lib/python3.10/site-packages/urllib3/connection.py", line 358, in connect
2022-05-12 18:31:50.846755 +0000 build-debian1:     conn = self._new_conn()
2022-05-12 18:31:50.846764 +0000 build-debian1:   File "/usr/lib/python3.10/site-packages/urllib3/connection.py", line 186, in _new_conn
2022-05-12 18:31:50.846770 +0000 build-debian1:     raise NewConnectionError(
2022-05-12 18:31:50.846783 +0000 build-debian1: urllib3.exceptions.NewConnectionError: <urllib3.connection.HTTPSConnection object at 0x7d96bdeb0280>: Failed to establish a new connection: [Errno -2] Name or service not known
2022-05-12 18:31:50.846787 +0000 build-debian1: 
2022-05-12 18:31:50.846801 +0000 build-debian1: During handling of the above exception, another exception occurred:
2022-05-12 18:31:50.846806 +0000 build-debian1: 
2022-05-12 18:31:50.846812 +0000 build-debian1: Traceback (most recent call last):
2022-05-12 18:31:50.846821 +0000 build-debian1:   File "/usr/lib/python3.10/site-packages/requests/adapters.py", line 440, in send
2022-05-12 18:31:50.846826 +0000 build-debian1:     resp = conn.urlopen(
2022-05-12 18:31:50.846835 +0000 build-debian1:   File "/usr/lib/python3.10/site-packages/urllib3/connectionpool.py", line 755, in urlopen
2022-05-12 18:31:50.846841 +0000 build-debian1:     retries = retries.increment(
2022-05-12 18:31:50.846850 +0000 build-debian1:   File "/usr/lib/python3.10/site-packages/urllib3/util/retry.py", line 574, in increment
2022-05-12 18:31:50.846857 +0000 build-debian1:     raise MaxRetryError(_pool, url, error or ResponseError(cause))
2022-05-12 18:31:50.846880 +0000 build-debian1: urllib3.exceptions.MaxRetryError: HTTPSConnectionPool(host='api.github.com', port=443): Max retries exceeded with url: /repos/QubesOS-contrib/updates-status/issues/58/comments (Caused by NewConnectionError('<urllib3.connection.HTTPSConnection object at 0x7d96bdeb0280>: Failed to establish a new connection: [Errno -2] Name or service not known'))
2022-05-12 18:31:50.846888 +0000 build-debian1: 
2022-05-12 18:31:50.846896 +0000 build-debian1: During handling of the above exception, another exception occurred:
2022-05-12 18:31:50.846900 +0000 build-debian1: 
2022-05-12 18:31:50.846906 +0000 build-debian1: Traceback (most recent call last):
2022-05-12 18:31:50.846915 +0000 build-debian1:   File "/home/user/builder-r4.1/qubes-src/builder-github//notify-issues", line 532, in <module>
2022-05-12 18:31:50.846921 +0000 build-debian1:     main()
2022-05-12 18:31:50.846929 +0000 build-debian1:   File "/home/user/builder-r4.1/qubes-src/builder-github//notify-issues", line 527, in main
2022-05-12 18:31:50.846937 +0000 build-debian1:     notify_build_report(args, dist_label, repo_type, current_commit,
2022-05-12 18:31:50.846959 +0000 build-debian1:   File "/home/user/builder-r4.1/qubes-src/builder-github//notify-issues", line 397, in notify_build_report
2022-05-12 18:31:50.846966 +0000 build-debian1:     comment_issue(report_issue_no, report_message,
2022-05-12 18:31:50.846976 +0000 build-debian1:   File "/home/user/builder-r4.1/qubes-src/builder-github//notify-issues", line 51, in comment_issue
2022-05-12 18:31:50.846983 +0000 build-debian1:     resp = requests.post("{}/repos/{}/issues/{}/comments".format(
2022-05-12 18:31:50.846991 +0000 build-debian1:   File "/usr/lib/python3.10/site-packages/requests/api.py", line 117, in post
2022-05-12 18:31:50.846999 +0000 build-debian1:     return request('post', url, data=data, json=json, **kwargs)
2022-05-12 18:31:50.847007 +0000 build-debian1:   File "/usr/lib/python3.10/site-packages/requests/api.py", line 61, in request
2022-05-12 18:31:50.847014 +0000 build-debian1:     return session.request(method=method, url=url, **kwargs)
2022-05-12 18:31:50.847023 +0000 build-debian1:   File "/usr/lib/python3.10/site-packages/requests/sessions.py", line 529, in request
2022-05-12 18:31:50.847029 +0000 build-debian1:     resp = self.send(prep, **send_kwargs)
2022-05-12 18:31:50.847038 +0000 build-debian1:   File "/usr/lib/python3.10/site-packages/requests/sessions.py", line 645, in send
2022-05-12 18:31:50.847044 +0000 build-debian1:     r = adapter.send(request, **kwargs)
2022-05-12 18:31:50.847052 +0000 build-debian1:   File "/usr/lib/python3.10/site-packages/requests/adapters.py", line 519, in send
2022-05-12 18:31:50.847059 +0000 build-debian1:     raise ConnectionError(e, request=request)
2022-05-12 18:31:50.847081 +0000 build-debian1: requests.exceptions.ConnectionError: HTTPSConnectionPool(host='api.github.com', port=443): Max retries exceeded with url: /repos/QubesOS-contrib/updates-status/issues/58/comments (Caused by NewConnectionError('<urllib3.connection.HTTPSConnection object at 0x7d96bdeb0280>: Failed to establish a new connection: [Errno -2] Name or service not known'))
2022-05-12 18:31:50.847091 +0000 build-debian1: make[1]: *** [/home/user/builder-r4.1/qubes-src/builder-github//Makefile.github:18: notify-github] Error 1
2022-05-12 18:31:50.847099 +0000 build-debian1: make: *** [Makefile:863: internal-update-repo-current.vm.bullseye.app-split-browser] Error 1
2022-05-12 18:31:50.847105 +0000 > closing log
